This is TeX, Version 3.14159 (preloaded format=latex_ml 4.5.10)  4 MAR 2023 11:38
**&latex_ml C:/Users/vb765/AppData/Local/Temp/swp0000.tex
(C:/Users/vb765/AppData/Local/Temp/swp0000.tex
LaTeX2e <2003/12/01>
Babel <v3.8a> and hyphenation patterns for american, english, french, german, n
german, loaded.
(C:\swp55\TCITeX\TeX\LaTeX\base\article.cls
Document Class: article 2004/02/16 v1.4f Standard LaTeX document class
(C:\swp55\TCITeX\TeX\LaTeX\base\fleqn.clo
File: fleqn.clo 1998/08/17 v1.1c Standard LaTeX option (flush left equations)
\mathindent=\dimen102
)
(C:\swp55\TCITeX\TeX\LaTeX\base\size10.clo
File: size10.clo 2004/02/16 v1.4f Standard LaTeX file (size option)
)
\c@part=\count79
\c@section=\count80
\c@subsection=\count81
\c@subsubsection=\count82
\c@paragraph=\count83
\c@subparagraph=\count84
\c@figure=\count85
\c@table=\count86
\abovecaptionskip=\skip41
\belowcaptionskip=\skip42
\bibindent=\dimen103
)
(C:\swp55\TCITeX\TeX\LaTeX\eurosym\eurosym.sty
Package: eurosym 1998/08/06 v1.1 European currency symbol ``Euro''
\@eurobox=\box26
)
(C:\swp55\TCITeX\TeX\LaTeX\amsfonts\amssymb.sty
Package: amssymb 2002/01/22 v2.2d

(C:\swp55\TCITeX\TeX\LaTeX\amsfonts\amsfonts.sty
Package: amsfonts 2001/10/25 v2.2f
\@emptytoks=\toks14
\symAMSa=\mathgroup4
\symAMSb=\mathgroup5
LaTeX Font Info:    Overwriting math alphabet `\mathfrak' in version `bold'
(Font)                  U/euf/m/n --> U/euf/b/n on input line 132.
))
(C:\swp55\TCITeX\TeX\LaTeX\amsmath\amsmath.sty
Package: amsmath 2000/07/18 v2.13 AMS math features
\@mathmargin=\skip43

For additional information on amsmath, use the `?' option.
(C:\swp55\TCITeX\TeX\LaTeX\amsmath\amstext.sty
Package: amstext 2000/06/29 v2.01

(C:\swp55\TCITeX\TeX\LaTeX\amsmath\amsgen.sty
File: amsgen.sty 1999/11/30 v2.0
\@emptytoks=\toks15
\ex@=\dimen104
))
(C:\swp55\TCITeX\TeX\LaTeX\amsmath\amsbsy.sty
Package: amsbsy 1999/11/29 v1.2d
\pmbraise@=\dimen105
)
(C:\swp55\TCITeX\TeX\LaTeX\amsmath\amsopn.sty
Package: amsopn 1999/12/14 v2.01 operator names
)
\inf@bad=\count87
LaTeX Info: Redefining \frac on input line 211.
\uproot@=\count88
\leftroot@=\count89
LaTeX Info: Redefining \overline on input line 307.
\classnum@=\count90
\DOTSCASE@=\count91
LaTeX Info: Redefining \ldots on input line 379.
LaTeX Info: Redefining \dots on input line 382.
LaTeX Info: Redefining \cdots on input line 467.
\Mathstrutbox@=\box27
\strutbox@=\box28
\big@size=\dimen106
LaTeX Font Info:    Redeclaring font encoding OML on input line 567.
LaTeX Font Info:    Redeclaring font encoding OMS on input line 568.
\macc@depth=\count92
\c@MaxMatrixCols=\count93
\dotsspace@=\muskip10
\c@parentequation=\count94
\dspbrk@lvl=\count95
\tag@help=\toks16
\row@=\count96
\column@=\count97
\maxfields@=\count98
\andhelp@=\toks17
\eqnshift@=\dimen107
\alignsep@=\dimen108
\tagshift@=\dimen109
\tagwidth@=\dimen110
\totwidth@=\dimen111
\lineht@=\dimen112
\@envbody=\toks18
\multlinegap=\skip44
\multlinetaggap=\skip45
\mathdisplay@stack=\toks19
LaTeX Info: Redefining \[ on input line 2666.
LaTeX Info: Redefining \] on input line 2667.
)
(C:\swp55\TCITeX\TeX\LaTeX\contrib\appendix\appendix.sty
Package: appendix 2002/08/06 v1.2 extra appendix facilities
\c@@pps=\count99
\c@@ppsavesec=\count100
\c@@ppsaveapp=\count101
)
(C:\swp55\TCITeX\TeX\LaTeX\contrib\rotating\rotating.sty
Package: rotating 1997/09/26, v2.13 Rotation package

(C:\swp55\TCITeX\TeX\LaTeX\required\graphics\graphicx.sty
Package: graphicx 1999/02/16 v1.0f Enhanced LaTeX Graphics (DPC,SPQR)

(C:\swp55\TCITeX\TeX\LaTeX\required\graphics\keyval.sty
Package: keyval 1999/03/16 v1.13 key=value parser (DPC)
\KV@toks@=\toks20
)
(C:\swp55\TCITeX\TeX\LaTeX\required\graphics\graphics.sty
Package: graphics 2001/07/07 v1.0n Standard LaTeX Graphics (DPC,SPQR)

(C:\swp55\TCITeX\TeX\LaTeX\required\graphics\trig.sty
Package: trig 1999/03/16 v1.09 sin cos tan (DPC)
)
(C:\swp55\TCITeX\TeX\LaTeX\required\graphics\graphics.cfg
File: graphics.cfg 
)
Package graphics Info: Driver file: tcidvi.def on input line 80.

(C:\swp55\TCITeX\TeX\LaTeX\required\graphics\tcidvi.def
File: tcidvi.def 1999/02/16 v3.0i Driver-dependant file (DPC,SPQR)
))
\Gin@req@height=\dimen113
\Gin@req@width=\dimen114
)
(C:\swp55\TCITeX\TeX\LaTeX\base\ifthen.sty
Package: ifthen 2001/05/26 v1.1c Standard LaTeX ifthen package (DPC)
)
\c@r@tfl@t=\count102
\rot@float@box=\box29
)
(C:\swp55\TCITeX\TeX\LaTeX\required\tools\enumerate.sty
Package: enumerate 1999/03/05 v3.00 enumerate extensions (DPC)
\@enLab=\toks21
)
(C:\swp55\TCITeX\TeX\LaTeX\contrib\float\float.sty
Package: float 2001/11/08 v1.3d Float enhancements (AL)
\c@float@type=\count103
\float@exts=\toks22
\float@box=\box30
\@float@everytoks=\toks23
\@floatcapt=\box31
)
\c@theorem=\count104
 (.\swp0000.aux

LaTeX Warning: Label `EulerMaclaurin' multiply defined.

)
LaTeX Font Info:    Checking defaults for OML/cmm/m/it on input line 48.
LaTeX Font Info:    ... okay on input line 48.
LaTeX Font Info:    Checking defaults for T1/cmr/m/n on input line 48.
LaTeX Font Info:    ... okay on input line 48.
LaTeX Font Info:    Checking defaults for OT1/cmr/m/n on input line 48.
LaTeX Font Info:    ... okay on input line 48.
LaTeX Font Info:    Checking defaults for OMS/cmsy/m/n on input line 48.
LaTeX Font Info:    ... okay on input line 48.
LaTeX Font Info:    Checking defaults for OMX/cmex/m/n on input line 48.
LaTeX Font Info:    ... okay on input line 48.
LaTeX Font Info:    Checking defaults for U/cmr/m/n on input line 48.
LaTeX Font Info:    ... okay on input line 48.
LaTeX Font Info:    Try loading font information for U+msa on input line 52.
 (C:\swp55\TCITeX\TeX\LaTeX\amsfonts\umsa.fd
File: umsa.fd 2002/01/19 v2.2g AMS font definitions
)
LaTeX Font Info:    Try loading font information for U+msb on input line 52.

(C:\swp55\TCITeX\TeX\LaTeX\amsfonts\umsb.fd
File: umsb.fd 2002/01/19 v2.2g AMS font definitions
) [1

] [1] (.\swp0000.toc [1])
\tf@toc=\write3

(.\swp0000.lof)
\tf@lof=\write4
 (.\swp0000.lot)
\tf@lot=\write5
 [2]

LaTeX Font Warning: Command \small invalid in math mode on input line 160.


LaTeX Font Warning: Command \small invalid in math mode on input line 160.


LaTeX Font Warning: Command \small invalid in math mode on input line 160.


LaTeX Font Warning: Command \small invalid in math mode on input line 161.


LaTeX Font Warning: Command \small invalid in math mode on input line 161.


LaTeX Font Warning: Command \small invalid in math mode on input line 161.


LaTeX Font Warning: Command \small invalid in math mode on input line 161.


LaTeX Font Warning: Command \small invalid in math mode on input line 162.


LaTeX Font Warning: Command \small invalid in math mode on input line 162.


Overfull \hbox (28.46883pt too wide) in paragraph at lines 157--164
 [][] 
 []

[3] [4] [5]
Overfull \hbox (36.15994pt too wide) in paragraph at lines 340--345
\T1/cmr/m/n/10 am-ple, con-sider the set of two num-bers $\OT1/cmr/m/n/10 [0\OM
L/cmm/m/it/10 :\OT1/cmr/m/n/10 1\OML/cmm/m/it/10 ; ^^Y\OT1/cmr/m/n/10 ]$\T1/cmr
/m/n/10 , which is equiv-a-lent to $\OT1/cmr/m/n/10 [1000 [] \OML/cmm/m/it/10 ;
 \OT1/cmr/m/n/10 31415 []]$\T1/cmr/m/n/10 .
 []

[6]
LaTeX Font Info:    Try loading font information for OMS+cmr on input line 429.

 (C:\swp55\TCITeX\TeX\LaTeX\base\omscmr.fd
File: omscmr.fd 1999/05/25 v2.5h Standard LaTeX font definitions
)
LaTeX Font Info:    Font shape `OMS/cmr/m/n' in size <10> not available
(Font)              Font shape `OMS/cmsy/m/n' tried instead on input line 429.
 [7] [8] [9] [10]
Overfull \hbox (59.81207pt too wide) in paragraph at lines 821--821
[] 
 []


Overfull \hbox (0.92993pt too wide) detected at line 835
 $\OML/cmm/m/it/10 V\OT1/cmr/m/n/10 (\OML/cmm/m/it/10 k; n; N\OT1/cmr/m/n/10 ) 
 = [] \OML/cmm/m/it/10 ; \U/msb/m/n/10 z \OT1/cmr/m/n/10 = 1\OML/cmm/m/it/10 :$
  
 []

[11]
! Missing $ inserted.
<inserted text> 
                $
l.950 \end{center}}
                   }
? 

LaTeX Warning: File `C:/Users/vb765/OneDrive/Documents/MY Article/From PRS 4 (v
er 10)/Discj_2.png' not found on input line 950.

File: C:/Users/vb765/OneDrive/Documents/MY Article/From PRS 4 (ver 10)/Discj_2.
png Graphic file (type bmp)

<C:/Users/vb765/OneDrive/Documents/MY Article/From PRS 4 (ver 10)/Discj_2.png>
! Missing $ inserted.
<inserted text> 
                $
l.950 \end{center}}
                   }
? 

Overfull \hbox (64.16205pt too wide) in paragraph at lines 950--950
 \T1/cmr/m/n/10 10)/Discj$[]\OML/cmm/m/it/10 :png[]$ 
 []


Overfull \hbox (48.93634pt too wide) in paragraph at lines 950--952
 [][] 
 []

[12]

LaTeX Warning: File `C:/Users/vb765/OneDrive/Documents/MY Article/From PRS 4 (v
er 10)/DiscJ-2N.png' not found on input line 988.

File: C:/Users/vb765/OneDrive/Documents/MY Article/From PRS 4 (ver 10)/DiscJ-2N
.png Graphic file (type bmp)

<C:/Users/vb765/OneDrive/Documents/MY Article/From PRS 4 (ver 10)/DiscJ-2N.png>

Overfull \hbox (48.93634pt too wide) in paragraph at lines 988--990
 [][] 
 []

[13] [14] [15]

LaTeX Font Warning: Command \small invalid in math mode on input line 1177.


LaTeX Font Warning: Command \small invalid in math mode on input line 1177.


LaTeX Font Warning: Command \small invalid in math mode on input line 1177.


LaTeX Font Warning: Command \small invalid in math mode on input line 1177.


LaTeX Font Warning: Command \small invalid in math mode on input line 1177.


LaTeX Font Warning: Command \small invalid in math mode on input line 1178.


LaTeX Font Warning: Command \small invalid in math mode on input line 1178.


LaTeX Font Warning: Command \small invalid in math mode on input line 1178.


LaTeX Font Warning: Command \small invalid in math mode on input line 1178.


LaTeX Font Warning: Command \small invalid in math mode on input line 1178.


LaTeX Font Warning: Command \small invalid in math mode on input line 1180.


LaTeX Font Warning: Command \small invalid in math mode on input line 1180.


LaTeX Font Warning: Command \small invalid in math mode on input line 1180.


LaTeX Font Warning: Command \small invalid in math mode on input line 1181.


LaTeX Font Warning: Command \small invalid in math mode on input line 1181.


LaTeX Font Warning: Command \small invalid in math mode on input line 1181.


LaTeX Font Warning: Command \small invalid in math mode on input line 1182.


LaTeX Font Warning: Command \small invalid in math mode on input line 1182.


LaTeX Font Warning: Command \small invalid in math mode on input line 1182.


LaTeX Font Warning: Command \small invalid in math mode on input line 1183.


Overfull \hbox (87.9141pt too wide) in paragraph at lines 1175--1185
 [][] 
 []

[16] [17]

LaTeX Font Warning: Command \small invalid in math mode on input line 1297.


LaTeX Font Warning: Command \small invalid in math mode on input line 1297.


LaTeX Font Warning: Command \small invalid in math mode on input line 1297.


LaTeX Font Warning: Command \small invalid in math mode on input line 1297.


LaTeX Font Warning: Command \small invalid in math mode on input line 1297.


LaTeX Font Warning: Command \small invalid in math mode on input line 1298.


LaTeX Font Warning: Command \small invalid in math mode on input line 1298.


LaTeX Font Warning: Command \small invalid in math mode on input line 1298.


LaTeX Font Warning: Command \small invalid in math mode on input line 1298.


LaTeX Font Warning: Command \small invalid in math mode on input line 1298.


LaTeX Font Warning: Command \small invalid in math mode on input line 1300.


LaTeX Font Warning: Command \small invalid in math mode on input line 1300.


LaTeX Font Warning: Command \small invalid in math mode on input line 1300.


LaTeX Font Warning: Command \small invalid in math mode on input line 1301.


LaTeX Font Warning: Command \small invalid in math mode on input line 1301.


LaTeX Font Warning: Command \small invalid in math mode on input line 1301.


LaTeX Font Warning: Command \small invalid in math mode on input line 1302.


LaTeX Font Warning: Command \small invalid in math mode on input line 1302.


LaTeX Font Warning: Command \small invalid in math mode on input line 1302.


LaTeX Font Warning: Command \small invalid in math mode on input line 1303.


Overfull \hbox (107.35855pt too wide) in paragraph at lines 1295--1305
 [][] 
 []


LaTeX Font Warning: Command \small invalid in math mode on input line 1354.


LaTeX Font Warning: Command \small invalid in math mode on input line 1354.


LaTeX Font Warning: Command \small invalid in math mode on input line 1354.


LaTeX Font Warning: Command \small invalid in math mode on input line 1354.


LaTeX Font Warning: Command \small invalid in math mode on input line 1354.


LaTeX Font Warning: Command \small invalid in math mode on input line 1355.


LaTeX Font Warning: Command \small invalid in math mode on input line 1355.


LaTeX Font Warning: Command \small invalid in math mode on input line 1355.


LaTeX Font Warning: Command \small invalid in math mode on input line 1355.


LaTeX Font Warning: Command \small invalid in math mode on input line 1355.


LaTeX Font Warning: Command \small invalid in math mode on input line 1357.


LaTeX Font Warning: Command \small invalid in math mode on input line 1357.


LaTeX Font Warning: Command \small invalid in math mode on input line 1357.


LaTeX Font Warning: Command \small invalid in math mode on input line 1358.


LaTeX Font Warning: Command \small invalid in math mode on input line 1358.


LaTeX Font Warning: Command \small invalid in math mode on input line 1358.


LaTeX Font Warning: Command \small invalid in math mode on input line 1359.


LaTeX Font Warning: Command \small invalid in math mode on input line 1359.


LaTeX Font Warning: Command \small invalid in math mode on input line 1359.


LaTeX Font Warning: Command \small invalid in math mode on input line 1360.


Overfull \hbox (97.91412pt too wide) in paragraph at lines 1352--1362
 [][] 
 []

[18] [19]

LaTeX Font Warning: Command \small invalid in math mode on input line 1486.


LaTeX Font Warning: Command \small invalid in math mode on input line 1486.


LaTeX Font Warning: Command \small invalid in math mode on input line 1486.


LaTeX Font Warning: Command \small invalid in math mode on input line 1486.


LaTeX Font Warning: Command \small invalid in math mode on input line 1486.


LaTeX Font Warning: Command \small invalid in math mode on input line 1487.


LaTeX Font Warning: Command \small invalid in math mode on input line 1487.


LaTeX Font Warning: Command \small invalid in math mode on input line 1487.


LaTeX Font Warning: Command \small invalid in math mode on input line 1487.


LaTeX Font Warning: Command \small invalid in math mode on input line 1488.


LaTeX Font Warning: Command \small invalid in math mode on input line 1488.


LaTeX Font Warning: Command \small invalid in math mode on input line 1488.


LaTeX Font Warning: Command \small invalid in math mode on input line 1489.


LaTeX Font Warning: Command \small invalid in math mode on input line 1489.


LaTeX Font Warning: Command \small invalid in math mode on input line 1489.


LaTeX Font Warning: Command \small invalid in math mode on input line 1489.


LaTeX Font Warning: Command \small invalid in math mode on input line 1490.


LaTeX Font Warning: Command \small invalid in math mode on input line 1490.


LaTeX Font Warning: Command \small invalid in math mode on input line 1491.


LaTeX Font Warning: Command \small invalid in math mode on input line 1491.


LaTeX Font Warning: Command \small invalid in math mode on input line 1491.


LaTeX Font Warning: Command \small invalid in math mode on input line 1492.


LaTeX Font Warning: Command \small invalid in math mode on input line 1492.


LaTeX Font Warning: Command \small invalid in math mode on input line 1492.


LaTeX Font Warning: Command \small invalid in math mode on input line 1492.


LaTeX Font Warning: Command \small invalid in math mode on input line 1493.


LaTeX Font Warning: Command \small invalid in math mode on input line 1493.


Overfull \hbox (13.61763pt too wide) in paragraph at lines 1484--1495
 [][] 
 []

[20]
Overfull \hbox (4.10155pt too wide) detected at line 1637
 $\OML/cmm/m/it/10 f\OT1/cmr/m/n/10 (\OML/cmm/m/it/10 z\OT1/cmr/m/n/10 ) = []$ 
 
 []

[21] [22] [23] [24]

LaTeX Warning: File `C:/Users/vb765/OneDrive/Documents/MY Article/From PRS 4 (v
er 10)/ExpDist1.png' not found on input line 1902.

File: C:/Users/vb765/OneDrive/Documents/MY Article/From PRS 4 (ver 10)/ExpDist1
.png Graphic file (type bmp)

<C:/Users/vb765/OneDrive/Documents/MY Article/From PRS 4 (ver 10)/ExpDist1.png>

Overfull \hbox (48.93634pt too wide) in paragraph at lines 1902--1904
 [][] 
 []

[25] [26]

LaTeX Font Warning: Command \small invalid in math mode on input line 1947.


LaTeX Font Warning: Command \small invalid in math mode on input line 1947.


LaTeX Font Warning: Command \small invalid in math mode on input line 1947.


LaTeX Font Warning: Command \small invalid in math mode on input line 1947.


LaTeX Font Warning: Command \small invalid in math mode on input line 1948.


LaTeX Font Warning: Command \small invalid in math mode on input line 1948.


LaTeX Font Warning: Command \small invalid in math mode on input line 1948.


LaTeX Font Warning: Command \small invalid in math mode on input line 1948.


LaTeX Font Warning: Command \small invalid in math mode on input line 1948.


LaTeX Font Warning: Command \small invalid in math mode on input line 1950.


LaTeX Font Warning: Command \small invalid in math mode on input line 1950.


LaTeX Font Warning: Command \small invalid in math mode on input line 1950.


LaTeX Font Warning: Command \small invalid in math mode on input line 1951.


LaTeX Font Warning: Command \small invalid in math mode on input line 1951.


LaTeX Font Warning: Command \small invalid in math mode on input line 1951.


LaTeX Font Warning: Command \small invalid in math mode on input line 1951.


LaTeX Font Warning: Command \small invalid in math mode on input line 1952.


LaTeX Font Warning: Command \small invalid in math mode on input line 1952.


LaTeX Font Warning: Command \small invalid in math mode on input line 1953.


LaTeX Font Warning: Command \small invalid in math mode on input line 1953.


LaTeX Font Warning: Command \small invalid in math mode on input line 1953.


LaTeX Font Warning: Command \small invalid in math mode on input line 1954.


LaTeX Font Warning: Command \small invalid in math mode on input line 1954.


LaTeX Font Warning: Command \small invalid in math mode on input line 1954.


LaTeX Font Warning: Command \small invalid in math mode on input line 1955.


LaTeX Font Warning: Command \small invalid in math mode on input line 1955.


LaTeX Font Warning: Command \small invalid in math mode on input line 1955.


LaTeX Font Warning: Command \small invalid in math mode on input line 1955.


Overfull \hbox (86.66055pt too wide) in paragraph at lines 1945--1958
 [][] 
 []


LaTeX Warning: File `C:/Users/vb765/OneDrive/Documents/MY Article/From PRS 4 (v
er 10)/GammaN.png' not found on input line 1994.

File: C:/Users/vb765/OneDrive/Documents/MY Article/From PRS 4 (ver 10)/GammaN.p
ng Graphic file (type bmp)
<C:/Users/vb765/OneDrive/Documents/MY Article/From PRS 4 (ver 10)/GammaN.png>
Overfull \hbox (48.93634pt too wide) in paragraph at lines 1994--1996
 [][] 
 []

[27]
Overfull \hbox (15.84949pt too wide) detected at line 2053
  $[] \OMS/cmsy/m/n/10 ^^@ \OT1/cmr/m/n/10 1 = \OMS/cmsy/m/n/10 ^^@\OML/cmm/m/i
t/10 :\OT1/cmr/m/n/10 1627\OML/cmm/m/it/10 ; [] \OMS/cmsy/m/n/10 ^^@ \OT1/cmr/m
/n/10 1 = \OMS/cmsy/m/n/10 ^^@\OT1/cmr/m/n/10 1\OML/cmm/m/it/10 :\OT1/cmr/m/n/1
0 634 \OMS/cmsy/m/n/10 ^^B \OT1/cmr/m/n/10 10[]\OML/cmm/m/it/10 ; [] \OMS/cmsy/
m/n/10 ^^@ \OT1/cmr/m/n/10 1 = 1\OML/cmm/m/it/10 :\OT1/cmr/m/n/10 202 \OMS/cmsy
/m/n/10 ^^B \OT1/cmr/m/n/10 10[]$ 
 []


Overfull \hbox (52.37708pt too wide) detected at line 2085
 $\OML/cmm/m/it/10 f\OT1/cmr/m/n/10 (\OML/cmm/m/it/10 z\OT1/cmr/m/n/10 ) = []$ 
 
 []

[28] [29]
Overfull \hbox (6.11215pt too wide) detected at line 2164
  $\OML/cmm/m/it/10 f\OT1/cmr/m/n/10 (\OML/cmm/m/it/10 z\OT1/cmr/m/n/10 ) = [][
] \OML/cmm/m/it/10 z[] [][] \OT1/cmr/m/n/10 ^^@ [] ^^@ [][] \OML/cmm/m/it/10 ; 
^^N \OT1/cmr/m/n/10 = [] + []\OML/cmm/m/it/10 ; \OT1/cmr/m/n/10 0 \OML/cmm/m/it
/10 < ^^W; \OT1/cmr/m/n/10 0 \OML/cmm/m/it/10 < !:$ 
 []

[30]

LaTeX Font Warning: Command \small invalid in math mode on input line 2246.


LaTeX Font Warning: Command \small invalid in math mode on input line 2246.


LaTeX Font Warning: Command \small invalid in math mode on input line 2246.


LaTeX Font Warning: Command \small invalid in math mode on input line 2246.


LaTeX Font Warning: Command \small invalid in math mode on input line 2246.


LaTeX Font Warning: Command \small invalid in math mode on input line 2247.


LaTeX Font Warning: Command \small invalid in math mode on input line 2247.


LaTeX Font Warning: Command \small invalid in math mode on input line 2247.


LaTeX Font Warning: Command \small invalid in math mode on input line 2247.


LaTeX Font Warning: Command \small invalid in math mode on input line 2247.


LaTeX Font Warning: Command \small invalid in math mode on input line 2249.


LaTeX Font Warning: Command \small invalid in math mode on input line 2249.


LaTeX Font Warning: Command \small invalid in math mode on input line 2249.


LaTeX Font Warning: Command \small invalid in math mode on input line 2249.


LaTeX Font Warning: Command \small invalid in math mode on input line 2250.


LaTeX Font Warning: Command \small invalid in math mode on input line 2250.


LaTeX Font Warning: Command \small invalid in math mode on input line 2250.


LaTeX Font Warning: Command \small invalid in math mode on input line 2250.


LaTeX Font Warning: Command \small invalid in math mode on input line 2251.


LaTeX Font Warning: Command \small invalid in math mode on input line 2251.


Overfull \hbox (28.46951pt too wide) in paragraph at lines 2244--2253
 [][] 
 []

! Missing $ inserted.
<inserted text> 
                $
l.2289 \end{center}}
                    }
? 
! Double subscript.
\filename@base ->Ratio2_k_
                          1
l.2289 \end{center}}
                    }
? 

LaTeX Warning: File `C:/Users/vb765/OneDrive/Documents/MY Article/From PRS 4 (v
er 10)/Ratio2_k_1.png' not found on input line 2289.

File: C:/Users/vb765/OneDrive/Documents/MY Article/From PRS 4 (ver 10)/Ratio2_k
_1.png Graphic file (type bmp)

<C:/Users/vb765/OneDrive/Documents/MY Article/From PRS 4 (ver 10)/Ratio2_k_1.pn
g>
! Missing $ inserted.
<inserted text> 
                $
l.2289 \end{center}}
                    }
? 

Overfull \hbox (76.251pt too wide) in paragraph at lines 2289--2289
 \T1/cmr/m/n/10 10)/Ratio2$[][]\OML/cmm/m/it/10 :png[]$ 
 []

! Missing $ inserted.
<inserted text> 
                $
l.2310 \end{center}}
                    }
? 
! Double subscript.
\filename@base ->Ratio2_k_
                          2
l.2310 \end{center}}
                    }
? 

LaTeX Warning: File `C:/Users/vb765/OneDrive/Documents/MY Article/From PRS 4 (v
er 10)/Ratio2_k_2.png' not found on input line 2310.

File: C:/Users/vb765/OneDrive/Documents/MY Article/From PRS 4 (ver 10)/Ratio2_k
_2.png Graphic file (type bmp)

<C:/Users/vb765/OneDrive/Documents/MY Article/From PRS 4 (ver 10)/Ratio2_k_2.pn
g>
! Missing $ inserted.
<inserted text> 
                $
l.2310 \end{center}}
                    }
? 

Overfull \hbox (76.251pt too wide) in paragraph at lines 2310--2310
 \T1/cmr/m/n/10 10)/Ratio2$[][]\OML/cmm/m/it/10 :png[]$ 
 []

! Missing $ inserted.
<inserted text> 
                $
l.2332 \end{center}}
                    }
? 
! Double subscript.
\filename@base ->Ratio2_k_
                          3
l.2332 \end{center}}
                    }
? 

LaTeX Warning: File `C:/Users/vb765/OneDrive/Documents/MY Article/From PRS 4 (v
er 10)/Ratio2_k_3.png' not found on input line 2332.

File: C:/Users/vb765/OneDrive/Documents/MY Article/From PRS 4 (ver 10)/Ratio2_k
_3.png Graphic file (type bmp)

<C:/Users/vb765/OneDrive/Documents/MY Article/From PRS 4 (ver 10)/Ratio2_k_3.pn
g>
! Missing $ inserted.
<inserted text> 
                $
l.2332 \end{center}}
                    }
? 

Overfull \hbox (76.251pt too wide) in paragraph at lines 2332--2332
 \T1/cmr/m/n/10 10)/Ratio2$[][]\OML/cmm/m/it/10 :png[]$ 
 []


LaTeX Warning: File `C:/Users/vb765/OneDrive/Documents/MY Article/From PRS 4 (v
er 10)/AT1.png' not found on input line 2367.

File: C:/Users/vb765/OneDrive/Documents/MY Article/From PRS 4 (ver 10)/AT1.png 
Graphic file (type bmp)
<C:/Users/vb765/OneDrive/Documents/MY Article/From PRS 4 (ver 10)/AT1.png>
Overfull \hbox (58.2524pt too wide) in paragraph at lines 2367--2369
 [][] 
 []

[31]

LaTeX Font Warning: Command \small invalid in math mode on input line 2393.

[32]
Overfull \hbox (70.61946pt too wide) in paragraph at lines 2402--2402
[] 
 []

[33] [34]
Overfull \hbox (19.90285pt too wide) in paragraph at lines 2599--2599
[] 
 []

[35]
Underfull \hbox (badness 10000) in paragraph at lines 2636--2638

 []


LaTeX Font Warning: Command \small invalid in math mode on input line 2675.


LaTeX Font Warning: Command \small invalid in math mode on input line 2675.


LaTeX Font Warning: Command \small invalid in math mode on input line 2675.


LaTeX Font Warning: Command \small invalid in math mode on input line 2675.


LaTeX Font Warning: Command \small invalid in math mode on input line 2675.


LaTeX Font Warning: Command \small invalid in math mode on input line 2676.


LaTeX Font Warning: Command \small invalid in math mode on input line 2676.


LaTeX Font Warning: Command \small invalid in math mode on input line 2676.


LaTeX Font Warning: Command \small invalid in math mode on input line 2676.


LaTeX Font Warning: Command \small invalid in math mode on input line 2676.


LaTeX Font Warning: Command \small invalid in math mode on input line 2678.


LaTeX Font Warning: Command \small invalid in math mode on input line 2678.


LaTeX Font Warning: Command \small invalid in math mode on input line 2678.


LaTeX Font Warning: Command \small invalid in math mode on input line 2679.


LaTeX Font Warning: Command \small invalid in math mode on input line 2679.


LaTeX Font Warning: Command \small invalid in math mode on input line 2679.


LaTeX Font Warning: Command \small invalid in math mode on input line 2679.


LaTeX Font Warning: Command \small invalid in math mode on input line 2680.


LaTeX Font Warning: Command \small invalid in math mode on input line 2680.


LaTeX Font Warning: Command \small invalid in math mode on input line 2680.


LaTeX Font Warning: Command \small invalid in math mode on input line 2681.


LaTeX Font Warning: Command \small invalid in math mode on input line 2681.


LaTeX Font Warning: Command \small invalid in math mode on input line 2681.


LaTeX Font Warning: Command \small invalid in math mode on input line 2682.


LaTeX Font Warning: Command \small invalid in math mode on input line 2682.


LaTeX Font Warning: Command \small invalid in math mode on input line 2682.


LaTeX Font Warning: Command \small invalid in math mode on input line 2682.


LaTeX Font Warning: Command \small invalid in math mode on input line 2683.


LaTeX Font Warning: Command \small invalid in math mode on input line 2683.


Overfull \hbox (27.28418pt too wide) in paragraph at lines 2673--2685
 [][] 
 []


LaTeX Font Warning: Command \small invalid in math mode on input line 2708.


LaTeX Font Warning: Command \small invalid in math mode on input line 2708.


LaTeX Font Warning: Command \small invalid in math mode on input line 2708.


LaTeX Font Warning: Command \small invalid in math mode on input line 2708.


LaTeX Font Warning: Command \small invalid in math mode on input line 2708.


LaTeX Font Warning: Command \small invalid in math mode on input line 2709.


LaTeX Font Warning: Command \small invalid in math mode on input line 2709.


LaTeX Font Warning: Command \small invalid in math mode on input line 2709.


LaTeX Font Warning: Command \small invalid in math mode on input line 2709.


LaTeX Font Warning: Command \small invalid in math mode on input line 2709.


LaTeX Font Warning: Command \small invalid in math mode on input line 2711.


LaTeX Font Warning: Command \small invalid in math mode on input line 2711.


LaTeX Font Warning: Command \small invalid in math mode on input line 2711.


LaTeX Font Warning: Command \small invalid in math mode on input line 2712.


LaTeX Font Warning: Command \small invalid in math mode on input line 2712.


LaTeX Font Warning: Command \small invalid in math mode on input line 2712.


LaTeX Font Warning: Command \small invalid in math mode on input line 2712.


LaTeX Font Warning: Command \small invalid in math mode on input line 2713.


LaTeX Font Warning: Command \small invalid in math mode on input line 2713.


LaTeX Font Warning: Command \small invalid in math mode on input line 2713.


LaTeX Font Warning: Command \small invalid in math mode on input line 2714.


LaTeX Font Warning: Command \small invalid in math mode on input line 2714.


LaTeX Font Warning: Command \small invalid in math mode on input line 2714.


LaTeX Font Warning: Command \small invalid in math mode on input line 2714.


LaTeX Font Warning: Command \small invalid in math mode on input line 2715.


LaTeX Font Warning: Command \small invalid in math mode on input line 2715.


LaTeX Font Warning: Command \small invalid in math mode on input line 2715.


LaTeX Font Warning: Command \small invalid in math mode on input line 2716.


LaTeX Font Warning: Command \small invalid in math mode on input line 2716.


LaTeX Font Warning: Command \small invalid in math mode on input line 2716.


Overfull \hbox (50.06203pt too wide) in paragraph at lines 2706--2718
 [][] 
 []

[36]

LaTeX Font Warning: Command \small invalid in math mode on input line 2748.


LaTeX Font Warning: Command \small invalid in math mode on input line 2748.


LaTeX Font Warning: Command \small invalid in math mode on input line 2748.


LaTeX Font Warning: Command \small invalid in math mode on input line 2748.


LaTeX Font Warning: Command \small invalid in math mode on input line 2748.


LaTeX Font Warning: Command \small invalid in math mode on input line 2749.


LaTeX Font Warning: Command \small invalid in math mode on input line 2749.


LaTeX Font Warning: Command \small invalid in math mode on input line 2749.


LaTeX Font Warning: Command \small invalid in math mode on input line 2749.


LaTeX Font Warning: Command \small invalid in math mode on input line 2749.


LaTeX Font Warning: Command \small invalid in math mode on input line 2751.


LaTeX Font Warning: Command \small invalid in math mode on input line 2751.


LaTeX Font Warning: Command \small invalid in math mode on input line 2751.


LaTeX Font Warning: Command \small invalid in math mode on input line 2752.


LaTeX Font Warning: Command \small invalid in math mode on input line 2752.


LaTeX Font Warning: Command \small invalid in math mode on input line 2752.


LaTeX Font Warning: Command \small invalid in math mode on input line 2752.


LaTeX Font Warning: Command \small invalid in math mode on input line 2753.


LaTeX Font Warning: Command \small invalid in math mode on input line 2753.


LaTeX Font Warning: Command \small invalid in math mode on input line 2753.


Overfull \hbox (62.35486pt too wide) in paragraph at lines 2746--2755
 [][] 
 []


LaTeX Font Warning: Command \small invalid in math mode on input line 2772.


LaTeX Font Warning: Command \small invalid in math mode on input line 2772.


LaTeX Font Warning: Command \small invalid in math mode on input line 2772.


LaTeX Font Warning: Command \small invalid in math mode on input line 2772.


LaTeX Font Warning: Command \small invalid in math mode on input line 2772.


LaTeX Font Warning: Command \small invalid in math mode on input line 2773.


LaTeX Font Warning: Command \small invalid in math mode on input line 2773.


LaTeX Font Warning: Command \small invalid in math mode on input line 2773.


LaTeX Font Warning: Command \small invalid in math mode on input line 2773.


LaTeX Font Warning: Command \small invalid in math mode on input line 2773.


LaTeX Font Warning: Command \small invalid in math mode on input line 2775.


LaTeX Font Warning: Command \small invalid in math mode on input line 2775.


LaTeX Font Warning: Command \small invalid in math mode on input line 2775.


LaTeX Font Warning: Command \small invalid in math mode on input line 2776.


LaTeX Font Warning: Command \small invalid in math mode on input line 2776.


LaTeX Font Warning: Command \small invalid in math mode on input line 2776.


LaTeX Font Warning: Command \small invalid in math mode on input line 2776.


LaTeX Font Warning: Command \small invalid in math mode on input line 2777.


LaTeX Font Warning: Command \small invalid in math mode on input line 2777.


LaTeX Font Warning: Command \small invalid in math mode on input line 2777.


Overfull \hbox (61.8028pt too wide) in paragraph at lines 2770--2779
 [][] 
 []

[37]

LaTeX Warning: File `C:/Users/vb765/OneDrive/Documents/MY Article/From PRS 4 (v
er 10)/AT1.png' not found on input line 2827.

File: C:/Users/vb765/OneDrive/Documents/MY Article/From PRS 4 (ver 10)/AT1.png 
Graphic file (type bmp)
<C:/Users/vb765/OneDrive/Documents/MY Article/From PRS 4 (ver 10)/AT1.png>
Overfull \hbox (48.93634pt too wide) in paragraph at lines 2827--2829
 [][] 
 []


LaTeX Warning: File `C:/Users/vb765/OneDrive/Documents/MY Article/From PRS 4 (v
er 10)/NormM1S1.png' not found on input line 2864.

File: C:/Users/vb765/OneDrive/Documents/MY Article/From PRS 4 (ver 10)/NormM1S1
.png Graphic file (type bmp)

<C:/Users/vb765/OneDrive/Documents/MY Article/From PRS 4 (ver 10)/NormM1S1.png>

Overfull \hbox (48.93634pt too wide) in paragraph at lines 2864--2866
 [][] 
 []

[38]

LaTeX Warning: File `C:/Users/vb765/OneDrive/Documents/MY Article/From PRS 4 (v
er 10)/NormM1S01.png' not found on input line 2901.

File: C:/Users/vb765/OneDrive/Documents/MY Article/From PRS 4 (ver 10)/NormM1S0
1.png Graphic file (type bmp)

<C:/Users/vb765/OneDrive/Documents/MY Article/From PRS 4 (ver 10)/NormM1S01.png
>
Overfull \hbox (48.93634pt too wide) in paragraph at lines 2901--2903
 [][] 
 []

[39]

LaTeX Warning: File `C:/Users/vb765/OneDrive/Documents/MY Article/From PRS 4 (v
er 10)/NormM-1S1.png' not found on input line 2939.

File: C:/Users/vb765/OneDrive/Documents/MY Article/From PRS 4 (ver 10)/NormM-1S
1.png Graphic file (type bmp)

<C:/Users/vb765/OneDrive/Documents/MY Article/From PRS 4 (ver 10)/NormM-1S1.png
>
Overfull \hbox (48.93634pt too wide) in paragraph at lines 2939--2941
 [][] 
 []

[40]
Overfull \hbox (50.54494pt too wide) in paragraph at lines 2971--2971
[] 
 []

[41]
Overfull \hbox (11.63422pt too wide) in paragraph at lines 3014--3014
[] 
 []


LaTeX Warning: Reference `EM0a' on page 42 undefined on input line 3025.

[42]
Overfull \hbox (88.21306pt too wide) in paragraph at lines 3097--3101
\T1/cmr/m/n/10 We  can con-sider func-tion  $\OML/cmm/m/it/10 ^^Z\OT1/cmr/m/n/1
0 (\OML/cmm/m/it/10 k\OT1/cmr/m/n/10 )$  \T1/cmr/m/n/10 on in-ter-val $[]$ with
 dis-cret points $\OT1/cmr/m/n/10 1\OML/cmm/m/it/10 ; []; []; [] ; []; []; [] ;
 []; []$ 
 []

[43] [44]
Overfull \hbox (42.997pt too wide) in paragraph at lines 3393--3393
[] 
 []

[45] [46] [47] [48] [49] [50] [51] [52] [53] [54] [55] [56] [57] [58]
Overfull \hbox (43.60562pt too wide) in paragraph at lines 4610--4610
[] 
 []

[59]
Overfull \hbox (55.72159pt too wide) in paragraph at lines 4659--4659
[] 
 []

[60]
Overfull \hbox (18.67348pt too wide) in paragraph at lines 4767--4767
[] 
 []

[61] [62] [63]
Overfull \hbox (7.08656pt too wide) detected at line 5016
 $\OML/cmm/m/it/10 f[]\OT1/cmr/m/n/10 (\OML/cmm/m/it/10 z\OT1/cmr/m/n/10 ) = []
$ 
 []

[64]

LaTeX Font Warning: Command \small invalid in math mode on input line 5085.


LaTeX Font Warning: Command \small invalid in math mode on input line 5085.


LaTeX Font Warning: Command \small invalid in math mode on input line 5085.


LaTeX Font Warning: Command \small invalid in math mode on input line 5085.


LaTeX Font Warning: Command \small invalid in math mode on input line 5085.


LaTeX Font Warning: Command \small invalid in math mode on input line 5086.


LaTeX Font Warning: Command \small invalid in math mode on input line 5086.


LaTeX Font Warning: Command \small invalid in math mode on input line 5086.


LaTeX Font Warning: Command \small invalid in math mode on input line 5086.


LaTeX Font Warning: Command \small invalid in math mode on input line 5086.


LaTeX Font Warning: Command \small invalid in math mode on input line 5088.


LaTeX Font Warning: Command \small invalid in math mode on input line 5088.


LaTeX Font Warning: Command \small invalid in math mode on input line 5088.


LaTeX Font Warning: Command \small invalid in math mode on input line 5089.


LaTeX Font Warning: Command \small invalid in math mode on input line 5089.


LaTeX Font Warning: Command \small invalid in math mode on input line 5090.


LaTeX Font Warning: Command \small invalid in math mode on input line 5090.


LaTeX Font Warning: Command \small invalid in math mode on input line 5090.


LaTeX Font Warning: Command \small invalid in math mode on input line 5090.

[65]

LaTeX Font Warning: Command \small invalid in math mode on input line 5207.


LaTeX Font Warning: Command \small invalid in math mode on input line 5207.


LaTeX Font Warning: Command \small invalid in math mode on input line 5207.


LaTeX Font Warning: Command \small invalid in math mode on input line 5207.


LaTeX Font Warning: Command \small invalid in math mode on input line 5207.


LaTeX Font Warning: Command \small invalid in math mode on input line 5208.


LaTeX Font Warning: Command \small invalid in math mode on input line 5208.


LaTeX Font Warning: Command \small invalid in math mode on input line 5208.


LaTeX Font Warning: Command \small invalid in math mode on input line 5208.


LaTeX Font Warning: Command \small invalid in math mode on input line 5208.


LaTeX Font Warning: Command \small invalid in math mode on input line 5210.


LaTeX Font Warning: Command \small invalid in math mode on input line 5210.


LaTeX Font Warning: Command \small invalid in math mode on input line 5210.


LaTeX Font Warning: Command \small invalid in math mode on input line 5210.


LaTeX Font Warning: Command \small invalid in math mode on input line 5211.


LaTeX Font Warning: Command \small invalid in math mode on input line 5211.


LaTeX Font Warning: Command \small invalid in math mode on input line 5211.


LaTeX Font Warning: Command \small invalid in math mode on input line 5211.


LaTeX Font Warning: Command \small invalid in math mode on input line 5212.


LaTeX Font Warning: Command \small invalid in math mode on input line 5212.

[66]

LaTeX Warning: File `C:/Users/vb765/OneDrive/Documents/MY Article/From PRS 4 (v
er 10)/Integrant10.png' not found on input line 5343.

File: C:/Users/vb765/OneDrive/Documents/MY Article/From PRS 4 (ver 10)/Integran
t10.png Graphic file (type bmp)

<C:/Users/vb765/OneDrive/Documents/MY Article/From PRS 4 (ver 10)/Integrant10.p
ng>
Overfull \hbox (48.93634pt too wide) in paragraph at lines 5343--5345
 [][] 
 []

[67] [68] [69] [70] [71]
LaTeX Font Info:    Try loading font information for T1+cmtt on input line 5737
.
 (C:\swp55\TCITeX\TeX\LaTeX\base\t1cmtt.fd
File: t1cmtt.fd 1999/05/25 v2.5h Standard LaTeX font definitions
) [72]
Underfull \hbox (badness 2970) in paragraph at lines 5901--5907
[]\T1/cmr/m/n/10 C.Walck, \T1/cmr/m/it/10 Hand-book on Sta-tis-ti-cal Dis-tri-b
-u-tions for ex-per-i-men-tal-ists
 []


Underfull \hbox (badness 5008) in paragraph at lines 5901--5907
\T1/cmr/m/n/10 2007. Par-ti-cle Physics Group, Fysikum Uni-ver-sity of Stock-ho
lm..
 []


Underfull \hbox (badness 1377) in paragraph at lines 5907--5911
\T1/cmr/m/it/10 Re-la-tion to Some Com-mon Dis-tri-b-u-tions".  \T1/cmr/m/n/10 
2010:PLoS ONE. 5 (5):
 []

[73] [74] (.\swp0000.aux)

LaTeX Warning: There were undefined references.


LaTeX Warning: There were multiply-defined labels.

 )
Here is how much of TeX's memory you used:
2120 strings out of 25820
22624 string characters out of 247699
77154 words of memory out of 262141
4993 multiletter control sequences out of 20000
17676 words of font info for 58 fonts, out of 300000 for 255
22 hyphenation exceptions out of 607
32i,20n,25p,274b,475s stack positions out of 300i,40n,60p,5000b,10000s

Output written on swp0000.dvi (76 pages, 224860 bytes).
