This is pdfeTeXk, Version 3.141592-1.11a-2.1 (Web2c 7.5.2) (format=pdflatex_ml 2004.5.10)  4 MAR 2023 10:11
 %&-line parsing enabled.
 (c:\swp55\TCITeX/web2c/cp8bit.tcx)
**&pdflatex_ml C:/Users/vb765/AppData/Local/Temp/swp0001.tex
(c:/Users/vb765/AppData/Local/Temp/swp0001.tex{c:\swp55\TCITeX/pdftex/config/pd
ftex.cfg}
LaTeX2e <2003/12/01>
Babel <v3.8a> and hyphenation patterns for american, english, french, german, n
german, loaded.
(c:\swp55\TCITeX/tex/latex/base/article.cls
Document Class: article 2004/02/16 v1.4f Standard LaTeX document class
(c:\swp55\TCITeX/tex/latex/base/fleqn.clo
File: fleqn.clo 1998/08/17 v1.1c Standard LaTeX option (flush left equations)
\mathindent=\dimen102
)
(c:\swp55\TCITeX/tex/latex/base/size10.clo
File: size10.clo 2004/02/16 v1.4f Standard LaTeX file (size option)
)
\c@part=\count79
\c@section=\count80
\c@subsection=\count81
\c@subsubsection=\count82
\c@paragraph=\count83
\c@subparagraph=\count84
\c@figure=\count85
\c@table=\count86
\abovecaptionskip=\skip41
\belowcaptionskip=\skip42
\bibindent=\dimen103
)
(c:\swp55\TCITeX/tex/latex/eurosym/eurosym.sty
Package: eurosym 1998/08/06 v1.1 European currency symbol ``Euro''
\@eurobox=\box26
)
(c:\swp55\TCITeX/tex/latex/amsfonts/amssymb.sty
Package: amssymb 2002/01/22 v2.2d

(c:\swp55\TCITeX/tex/latex/amsfonts/amsfonts.sty
Package: amsfonts 2001/10/25 v2.2f
\@emptytoks=\toks14
\symAMSa=\mathgroup4
\symAMSb=\mathgroup5
LaTeX Font Info:    Overwriting math alphabet `\mathfrak' in version `bold'
(Font)                  U/euf/m/n --> U/euf/b/n on input line 132.
))
(c:\swp55\TCITeX/tex/latex/amsmath/amsmath.sty
Package: amsmath 2000/07/18 v2.13 AMS math features
\@mathmargin=\skip43

For additional information on amsmath, use the `?' option.
(c:\swp55\TCITeX/tex/latex/amsmath/amstext.sty
Package: amstext 2000/06/29 v2.01

(c:\swp55\TCITeX/tex/latex/amsmath/amsgen.sty
File: amsgen.sty 1999/11/30 v2.0
\@emptytoks=\toks15
\ex@=\dimen104
))
(c:\swp55\TCITeX/tex/latex/amsmath/amsbsy.sty
Package: amsbsy 1999/11/29 v1.2d
\pmbraise@=\dimen105
)
(c:\swp55\TCITeX/tex/latex/amsmath/amsopn.sty
Package: amsopn 1999/12/14 v2.01 operator names
)
\inf@bad=\count87
LaTeX Info: Redefining \frac on input line 211.
\uproot@=\count88
\leftroot@=\count89
LaTeX Info: Redefining \overline on input line 307.
\classnum@=\count90
\DOTSCASE@=\count91
LaTeX Info: Redefining \ldots on input line 379.
LaTeX Info: Redefining \dots on input line 382.
LaTeX Info: Redefining \cdots on input line 467.
\Mathstrutbox@=\box27
\strutbox@=\box28
\big@size=\dimen106
LaTeX Font Info:    Redeclaring font encoding OML on input line 567.
LaTeX Font Info:    Redeclaring font encoding OMS on input line 568.
\macc@depth=\count92
\c@MaxMatrixCols=\count93
\dotsspace@=\muskip10
\c@parentequation=\count94
\dspbrk@lvl=\count95
\tag@help=\toks16
\row@=\count96
\column@=\count97
\maxfields@=\count98
\andhelp@=\toks17
\eqnshift@=\dimen107
\alignsep@=\dimen108
\tagshift@=\dimen109
\tagwidth@=\dimen110
\totwidth@=\dimen111
\lineht@=\dimen112
\@envbody=\toks18
\multlinegap=\skip44
\multlinetaggap=\skip45
\mathdisplay@stack=\toks19
LaTeX Info: Redefining \[ on input line 2666.
LaTeX Info: Redefining \] on input line 2667.
)
(c:\swp55\TCITeX/tex/latex/contrib/appendix/appendix.sty
Package: appendix 2002/08/06 v1.2 extra appendix facilities
\c@@pps=\count99
\c@@ppsavesec=\count100
\c@@ppsaveapp=\count101
)
(c:\swp55\TCITeX/tex/latex/contrib/rotating/rotating.sty
Package: rotating 1997/09/26, v2.13 Rotation package

(c:\swp55\TCITeX/tex/latex/required/graphics/graphicx.sty
Package: graphicx 1999/02/16 v1.0f Enhanced LaTeX Graphics (DPC,SPQR)

(c:\swp55\TCITeX/tex/latex/required/graphics/keyval.sty
Package: keyval 1999/03/16 v1.13 key=value parser (DPC)
\KV@toks@=\toks20
)
(c:\swp55\TCITeX/tex/latex/required/graphics/graphics.sty
Package: graphics 2001/07/07 v1.0n Standard LaTeX Graphics (DPC,SPQR)

(c:\swp55\TCITeX/tex/latex/required/graphics/trig.sty
Package: trig 1999/03/16 v1.09 sin cos tan (DPC)
)
(c:\swp55\TCITeX/tex/latex/required/graphics/graphics.cfg
File: graphics.cfg 
)
Package graphics Info: Driver file: pdftex.def on input line 80.

(c:\swp55\TCITeX/tex/latex/required/graphics/pdftex.def
File: pdftex.def 2002/06/19 v0.03k graphics/color for pdftex
\Gread@gobject=\count102
))
\Gin@req@height=\dimen113
\Gin@req@width=\dimen114
)
(c:\swp55\TCITeX/tex/latex/base/ifthen.sty
Package: ifthen 2001/05/26 v1.1c Standard LaTeX ifthen package (DPC)
)
\c@r@tfl@t=\count103
\rot@float@box=\box29
)
(c:\swp55\TCITeX/tex/latex/required/tools/enumerate.sty
Package: enumerate 1999/03/05 v3.00 enumerate extensions (DPC)
\@enLab=\toks21
)
(c:\swp55\TCITeX/tex/latex/contrib/float/float.sty
Package: float 2001/11/08 v1.3d Float enhancements (AL)
\c@float@type=\count104
\float@exts=\toks22
\float@box=\box30
\@float@everytoks=\toks23
\@floatcapt=\box31
)
\c@theorem=\count105
\msipdfoutput=\count106
 (./swp0001.aux)
\openout1 = `swp0001.aux'.

LaTeX Font Info:    Checking defaults for OML/cmm/m/it on input line 59.
LaTeX Font Info:    ... okay on input line 59.
LaTeX Font Info:    Checking defaults for T1/cmr/m/n on input line 59.
LaTeX Font Info:    ... okay on input line 59.
LaTeX Font Info:    Checking defaults for OT1/cmr/m/n on input line 59.
LaTeX Font Info:    ... okay on input line 59.
LaTeX Font Info:    Checking defaults for OMS/cmsy/m/n on input line 59.
LaTeX Font Info:    ... okay on input line 59.
LaTeX Font Info:    Checking defaults for OMX/cmex/m/n on input line 59.
LaTeX Font Info:    ... okay on input line 59.
LaTeX Font Info:    Checking defaults for U/cmr/m/n on input line 59.
LaTeX Font Info:    ... okay on input line 59.
LaTeX Font Info:    Try loading font information for U+msa on input line 63.

(c:\swp55\TCITeX/tex/latex/amsfonts/umsa.fd
File: umsa.fd 2002/01/19 v2.2g AMS font definitions
)
LaTeX Font Info:    Try loading font information for U+msb on input line 63.

(c:\swp55\TCITeX/tex/latex/amsfonts/umsb.fd
File: umsb.fd 2002/01/19 v2.2g AMS font definitions
) [1

{c:\swp55\TCITeX/pdftex/config/TrueTeX.map}{c:\swp55\TCITeX/pdftex/config/WinFo
nts.map}{c:\swp55\TCITeX/pdftex/config/msi.map}] [1] (./swp0001.toc)
\tf@toc=\write3
\openout3 = `swp0001.toc'.

 (./swp0001.lof)
\tf@lof=\write4
\openout4 = `swp0001.lof'.

 (./swp0001.lot)
\tf@lot=\write5
\openout5 = `swp0001.lot'.



LaTeX Warning: Citation `formann0' on page 1 undefined on input line 127.


LaTeX Warning: Citation `newcombs' on page 1 undefined on input line 148.


LaTeX Warning: Citation `benford' on page 1 undefined on input line 148.


LaTeX Warning: Citation `hill' on page 1 undefined on input line 154.


LaTeX Warning: Citation `bergerhill' on page 1 undefined on input line 154.


LaTeX Warning: Citation `arnotheodore' on page 1 undefined on input line 154.


LaTeX Warning: Citation `miller' on page 1 undefined on input line 154.

[1]

LaTeX Font Warning: Command \small invalid in math mode on input line 171.


LaTeX Font Warning: Command \small invalid in math mode on input line 171.


LaTeX Font Warning: Command \small invalid in math mode on input line 171.


LaTeX Font Warning: Command \small invalid in math mode on input line 172.


LaTeX Font Warning: Command \small invalid in math mode on input line 172.


LaTeX Font Warning: Command \small invalid in math mode on input line 172.


LaTeX Font Warning: Command \small invalid in math mode on input line 172.


LaTeX Font Warning: Command \small invalid in math mode on input line 173.


LaTeX Font Warning: Command \small invalid in math mode on input line 173.


Overfull \hbox (28.46883pt too wide) in paragraph at lines 168--175
 [][] 
 []


LaTeX Warning: Citation `diaconis' on page 2 undefined on input line 192.


LaTeX Warning: Citation `raimi' on page 2 undefined on input line 192.


LaTeX Warning: Citation `nigrini1' on page 2 undefined on input line 192.


LaTeX Warning: Citation `arnold0' on page 2 undefined on input line 192.


LaTeX Warning: Citation `arnold1' on page 2 undefined on input line 193.


LaTeX Warning: Citation `bergerhill' on page 2 undefined on input line 193.


LaTeX Warning: Citation `nigrini' on page 2 undefined on input line 193.


LaTeX Warning: Citation `arnotheodore' on page 2 undefined on input line 193.


LaTeX Warning: Citation `miller' on page 2 undefined on input line 194.


LaTeX Warning: Citation `pinkham' on page 2 undefined on input line 216.


LaTeX Warning: Citation `raimi' on page 2 undefined on input line 216.

[2]

LaTeX Warning: Reference `TofD' on page 3 undefined on input line 296.


LaTeX Warning: Reference `DfWD' on page 3 undefined on input line 307.


LaTeX Warning: Reference `DofLD2P' on page 3 undefined on input line 307.


LaTeX Warning: Reference `NormD' on page 3 undefined on input line 307.


LaTeX Warning: Reference `Discussion' on page 3 undefined on input line 315.

[3]
Overfull \hbox (36.15994pt too wide) in paragraph at lines 351--356
/dcr10/am-ple, con-sider the set of two num-bers $/cmr10/[0/cmmi10/:/cmr10/1/cm
mi10/; ^^Y/cmr10/]$/dcr10/, which is equiv-a-lent to $/cmr10/[1000 [] /cmmi10/;
 /cmr10/31415 []]$/dcr10/.
 []

[4]

LaTeX Warning: Reference `SofFE' on page 5 undefined on input line 435.

LaTeX Font Info:    Try loading font information for OMS+cmr on input line 440.

(c:\swp55\TCITeX/tex/latex/base/omscmr.fd
File: omscmr.fd 1999/05/25 v2.5h Standard LaTeX font definitions
)
LaTeX Font Info:    Font shape `OMS/cmr/m/n' in size <10> not available
(Font)              Font shape `OMS/cmsy/m/n' tried instead on input line 440.
 [5]

LaTeX Warning: Citation `knuth' on page 6 undefined on input line 553.


LaTeX Warning: Citation `wabramowitzstegun' on page 6 undefined on input line 5
53.


LaTeX Warning: Citation `knuth2' on page 6 undefined on input line 554.


LaTeX Warning: Reference `DerForm' on page 6 undefined on input line 568.

[6] [7]

LaTeX Warning: Reference `FourieExpan' on page 8 undefined on input line 703.


LaTeX Warning: Reference `EM5' on page 8 undefined on input line 757.

[8]

LaTeX Warning: Reference `A_B_Fourier' on page 9 undefined on input line 788.


LaTeX Warning: Reference `Fouri3' on page 9 undefined on input line 788.


Overfull \hbox (59.81207pt too wide) in paragraph at lines 832--832
[] 
 []


Overfull \hbox (0.92993pt too wide) detected at line 846
 $/cmmi10/V/cmr10/(/cmmi10/k; n; N/cmr10/)  = [] /cmmi10/; /msbm10/z /cmr10/= 1
/cmmi10/:$  
 []

[9]
! Missing $ inserted.
<inserted text> 
                $
l.961 \end{center}}
                   }
? 

LaTeX Warning: File `C:/Users/vb765/OneDrive/Documents/MY TeX Work/Discj_2.png'
 not found on input line 961.


Error: pdflatex.exe (file C:/Users/vb765/OneDrive/Documents/MY TeX Work/Discj_2
.png): cannot find image file
 ==> Fatal error occurred, the output PDF file is not finished!
