This is pdfTeXk, Version 3.141592-1.40.3 (Web2C 7.5.6) (format=pdflatex_ml 2008.8.22)  26 MAY 2018 11:24
 %&-line parsing enabled.
**&pdflatex_ml C:/Users/Vlad1234/AppData/Local/Temp/swp0000.tex
(c:/Users/Vlad1234/AppData/Local/Temp/swp0000.tex
LaTeX2e <2003/12/01>
Babel <v3.8a> and hyphenation patterns for american, english, french, german, n
german, loaded.
(c:/swp55/TCITeX/tex/latex/base/article.cls
Document Class: article 2004/02/16 v1.4f Standard LaTeX document class
(c:/swp55/TCITeX/tex/latex/base/fleqn.clo
File: fleqn.clo 1998/08/17 v1.1c Standard LaTeX option (flush left equations)
\mathindent=\dimen102
)
(c:/swp55/TCITeX/tex/latex/base/size10.clo
File: size10.clo 2004/02/16 v1.4f Standard LaTeX file (size option)
)
\c@part=\count79
\c@section=\count80
\c@subsection=\count81
\c@subsubsection=\count82
\c@paragraph=\count83
\c@subparagraph=\count84
\c@figure=\count85
\c@table=\count86
\abovecaptionskip=\skip41
\belowcaptionskip=\skip42
\bibindent=\dimen103
)
(c:/swp55/TCITeX/tex/latex/eurosym/eurosym.sty
Package: eurosym 1998/08/06 v1.1 European currency symbol ``Euro''
\@eurobox=\box26
)
(c:/swp55/TCITeX/tex/latex/amsfonts/amssymb.sty
Package: amssymb 2002/01/22 v2.2d

(c:/swp55/TCITeX/tex/latex/amsfonts/amsfonts.sty
Package: amsfonts 2001/10/25 v2.2f
\@emptytoks=\toks14
\symAMSa=\mathgroup4
\symAMSb=\mathgroup5
LaTeX Font Info:    Overwriting math alphabet `\mathfrak' in version `bold'
(Font)                  U/euf/m/n --> U/euf/b/n on input line 132.
))
(c:/swp55/TCITeX/tex/latex/amsmath/amsmath.sty
Package: amsmath 2000/07/18 v2.13 AMS math features
\@mathmargin=\skip43

For additional information on amsmath, use the `?' option.
(c:/swp55/TCITeX/tex/latex/amsmath/amstext.sty
Package: amstext 2000/06/29 v2.01

(c:/swp55/TCITeX/tex/latex/amsmath/amsgen.sty
File: amsgen.sty 1999/11/30 v2.0
\@emptytoks=\toks15
\ex@=\dimen104
))
(c:/swp55/TCITeX/tex/latex/amsmath/amsbsy.sty
Package: amsbsy 1999/11/29 v1.2d
\pmbraise@=\dimen105
)
(c:/swp55/TCITeX/tex/latex/amsmath/amsopn.sty
Package: amsopn 1999/12/14 v2.01 operator names
)
\inf@bad=\count87
LaTeX Info: Redefining \frac on input line 211.
\uproot@=\count88
\leftroot@=\count89
LaTeX Info: Redefining \overline on input line 307.
\classnum@=\count90
\DOTSCASE@=\count91
LaTeX Info: Redefining \ldots on input line 379.
LaTeX Info: Redefining \dots on input line 382.
LaTeX Info: Redefining \cdots on input line 467.
\Mathstrutbox@=\box27
\strutbox@=\box28
\big@size=\dimen106
LaTeX Font Info:    Redeclaring font encoding OML on input line 567.
LaTeX Font Info:    Redeclaring font encoding OMS on input line 568.
\macc@depth=\count92
\c@MaxMatrixCols=\count93
\dotsspace@=\muskip10
\c@parentequation=\count94
\dspbrk@lvl=\count95
\tag@help=\toks16
\row@=\count96
\column@=\count97
\maxfields@=\count98
\andhelp@=\toks17
\eqnshift@=\dimen107
\alignsep@=\dimen108
\tagshift@=\dimen109
\tagwidth@=\dimen110
\totwidth@=\dimen111
\lineht@=\dimen112
\@envbody=\toks18
\multlinegap=\skip44
\multlinetaggap=\skip45
\mathdisplay@stack=\toks19
LaTeX Info: Redefining \[ on input line 2666.
LaTeX Info: Redefining \] on input line 2667.
)
(c:/swp55/TCITeX/tex/latex/contrib/appendix/appendix.sty
Package: appendix 2002/08/06 v1.2 extra appendix facilities
\c@@pps=\count99
\c@@ppsavesec=\count100
\c@@ppsaveapp=\count101
)
(c:/swp55/TCITeX/tex/latex/contrib/rotating/rotating.sty
Package: rotating 2009/03/28 v2.16a rotated objects in LaTeX

(c:/swp55/TCITeX/tex/latex/required/graphics/graphicx.sty
Package: graphicx 1999/02/16 v1.0f Enhanced LaTeX Graphics (DPC,SPQR)

(c:/swp55/TCITeX/tex/latex/required/graphics/keyval.sty
Package: keyval 1999/03/16 v1.13 key=value parser (DPC)
\KV@toks@=\toks20
)
(c:/swp55/TCITeX/tex/latex/required/graphics/graphics.sty
Package: graphics 2001/07/07 v1.0n Standard LaTeX Graphics (DPC,SPQR)

(c:/swp55/TCITeX/tex/latex/required/graphics/trig.sty
Package: trig 1999/03/16 v1.09 sin cos tan (DPC)
)
(c:/swp55/TCITeX/tex/latex/required/graphics/graphics.cfg
File: graphics.cfg 
)
Package graphics Info: Driver file: pdftex.def on input line 80.

(c:/swp55/TCITeX/tex/latex/required/graphics/pdftex.def
File: pdftex.def 2007/01/08 v0.04d Graphics/color for pdfTeX
\Gread@gobject=\count102
))
\Gin@req@height=\dimen113
\Gin@req@width=\dimen114
)
(c:/swp55/TCITeX/tex/latex/base/ifthen.sty
Package: ifthen 2001/05/26 v1.1c Standard LaTeX ifthen package (DPC)
)
\c@r@tfl@t=\count103
\rotFPtop=\skip46
\rotFPbot=\skip47
\rot@float@box=\box29
\rot@mess@toks=\toks21
)
(c:/swp55/TCITeX/tex/latex/required/tools/enumerate.sty
Package: enumerate 1999/03/05 v3.00 enumerate extensions (DPC)
\@enLab=\toks22
)
(c:/swp55/TCITeX/tex/latex/contrib/float/float.sty
Package: float 2001/11/08 v1.3d Float enhancements (AL)
\c@float@type=\count104
\float@exts=\toks23
\float@box=\box30
\@float@everytoks=\toks24
\@floatcapt=\box31
)
\c@theorem=\count105
\msipdfoutput=\count106
 (./swp0000.aux

LaTeX Warning: Label `EulerMaclaurin' multiply defined.

)
\openout1 = `swp0000.aux'.

LaTeX Font Info:    Checking defaults for OML/cmm/m/it on input line 59.
LaTeX Font Info:    ... okay on input line 59.
LaTeX Font Info:    Checking defaults for T1/cmr/m/n on input line 59.
LaTeX Font Info:    ... okay on input line 59.
LaTeX Font Info:    Checking defaults for OT1/cmr/m/n on input line 59.
LaTeX Font Info:    ... okay on input line 59.
LaTeX Font Info:    Checking defaults for OMS/cmsy/m/n on input line 59.
LaTeX Font Info:    ... okay on input line 59.
LaTeX Font Info:    Checking defaults for OMX/cmex/m/n on input line 59.
LaTeX Font Info:    ... okay on input line 59.
LaTeX Font Info:    Checking defaults for U/cmr/m/n on input line 59.
LaTeX Font Info:    ... okay on input line 59.
LaTeX Font Info:    Try loading font information for U+msa on input line 63.
 (c:/swp55/TCITeX/tex/latex/amsfonts/umsa.fd
File: umsa.fd 2002/01/19 v2.2g AMS font definitions
)
LaTeX Font Info:    Try loading font information for U+msb on input line 63.

(c:/swp55/TCITeX/tex/latex/amsfonts/umsb.fd
File: umsb.fd 2002/01/19 v2.2g AMS font definitions
) [1

{c:/swp55/TCITeX/fonts/map/pdftex/pdftex.map}] [1] (./swp0000.toc [1])
\tf@toc=\write3
\openout3 = `swp0000.toc'.

 (./swp0000.lof)
\tf@lof=\write4
\openout4 = `swp0000.lof'.

 (./swp0000.lot)
\tf@lot=\write5
\openout5 = `swp0000.lot'.

 [2]

LaTeX Font Warning: Command \small invalid in math mode on input line 171.


LaTeX Font Warning: Command \small invalid in math mode on input line 171.


LaTeX Font Warning: Command \small invalid in math mode on input line 171.


LaTeX Font Warning: Command \small invalid in math mode on input line 172.


LaTeX Font Warning: Command \small invalid in math mode on input line 172.


LaTeX Font Warning: Command \small invalid in math mode on input line 172.


LaTeX Font Warning: Command \small invalid in math mode on input line 172.


LaTeX Font Warning: Command \small invalid in math mode on input line 173.


LaTeX Font Warning: Command \small invalid in math mode on input line 173.


Overfull \hbox (28.46883pt too wide) in paragraph at lines 168--175
 [][] 
 []

[3] [4] [5]
Overfull \hbox (36.15994pt too wide) in paragraph at lines 351--356
\T1/cmr/m/n/10 am-ple, con-sider the set of two num-bers $\OT1/cmr/m/n/10 [0\OM
L/cmm/m/it/10 :\OT1/cmr/m/n/10 1\OML/cmm/m/it/10 ; ^^Y\OT1/cmr/m/n/10 ]$\T1/cmr
/m/n/10 , which is equiv-a-lent to $\OT1/cmr/m/n/10 [1000 [] \OML/cmm/m/it/10 ;
 \OT1/cmr/m/n/10 31415 []]$\T1/cmr/m/n/10 .
 []

[6]
LaTeX Font Info:    Try loading font information for OMS+cmr on input line 440.

 (c:/swp55/TCITeX/tex/latex/base/omscmr.fd
File: omscmr.fd 1999/05/25 v2.5h Standard LaTeX font definitions
)
LaTeX Font Info:    Font shape `OMS/cmr/m/n' in size <10> not available
(Font)              Font shape `OMS/cmsy/m/n' tried instead on input line 440.
 [7] [8] [9] [10]
Overfull \hbox (59.81207pt too wide) in paragraph at lines 832--832
[] 
 []


Overfull \hbox (0.92993pt too wide) detected at line 846
 $\OML/cmm/m/it/10 V\OT1/cmr/m/n/10 (\OML/cmm/m/it/10 k; n; N\OT1/cmr/m/n/10 ) 
 = [] \OML/cmm/m/it/10 ; \U/msb/m/n/10 z \OT1/cmr/m/n/10 = 1\OML/cmm/m/it/10 :$
  
 []

[11]
<C:/Users/Vlad1234/AppData/Local/Temp/graphics/Discj_2__1.png, id=56, 812.03375
pt x 587.19376pt>
File: C:/Users/Vlad1234/AppData/Local/Temp/graphics/Discj_2__1.png Graphic file
 (type png)

<use C:/Users/Vlad1234/AppData/Local/Temp/graphics/Discj_2__1.png>
Overfull \hbox (48.93634pt too wide) in paragraph at lines 961--963
 [][] 
 []

[12]
<C:/Users/Vlad1234/AppData/Local/Temp/graphics/DiscJ-2N__2.png, id=60, 812.0337
5pt x 587.19376pt>
File: C:/Users/Vlad1234/AppData/Local/Temp/graphics/DiscJ-2N__2.png Graphic fil
e (type png)

<use C:/Users/Vlad1234/AppData/Local/Temp/graphics/DiscJ-2N__2.png>
Overfull \hbox (48.93634pt too wide) in paragraph at lines 999--1001
 [][] 
 []

[13 <c:/Users/Vlad1234/AppData/Local/Temp/graphics/Discj_2__1.png>] [14 <c:/Use
rs/Vlad1234/AppData/Local/Temp/graphics/DiscJ-2N__2.png>] [15]

LaTeX Font Warning: Command \small invalid in math mode on input line 1188.


LaTeX Font Warning: Command \small invalid in math mode on input line 1188.


LaTeX Font Warning: Command \small invalid in math mode on input line 1188.


LaTeX Font Warning: Command \small invalid in math mode on input line 1188.


LaTeX Font Warning: Command \small invalid in math mode on input line 1188.


LaTeX Font Warning: Command \small invalid in math mode on input line 1189.


LaTeX Font Warning: Command \small invalid in math mode on input line 1189.


LaTeX Font Warning: Command \small invalid in math mode on input line 1189.


LaTeX Font Warning: Command \small invalid in math mode on input line 1189.


LaTeX Font Warning: Command \small invalid in math mode on input line 1189.


LaTeX Font Warning: Command \small invalid in math mode on input line 1191.


LaTeX Font Warning: Command \small invalid in math mode on input line 1191.


LaTeX Font Warning: Command \small invalid in math mode on input line 1191.


LaTeX Font Warning: Command \small invalid in math mode on input line 1192.


LaTeX Font Warning: Command \small invalid in math mode on input line 1192.


LaTeX Font Warning: Command \small invalid in math mode on input line 1192.


LaTeX Font Warning: Command \small invalid in math mode on input line 1193.


LaTeX Font Warning: Command \small invalid in math mode on input line 1193.


LaTeX Font Warning: Command \small invalid in math mode on input line 1193.


LaTeX Font Warning: Command \small invalid in math mode on input line 1194.


Overfull \hbox (87.9141pt too wide) in paragraph at lines 1186--1196
 [][] 
 []

[16] [17]

LaTeX Font Warning: Command \small invalid in math mode on input line 1308.


LaTeX Font Warning: Command \small invalid in math mode on input line 1308.


LaTeX Font Warning: Command \small invalid in math mode on input line 1308.


LaTeX Font Warning: Command \small invalid in math mode on input line 1308.


LaTeX Font Warning: Command \small invalid in math mode on input line 1308.


LaTeX Font Warning: Command \small invalid in math mode on input line 1309.


LaTeX Font Warning: Command \small invalid in math mode on input line 1309.


LaTeX Font Warning: Command \small invalid in math mode on input line 1309.


LaTeX Font Warning: Command \small invalid in math mode on input line 1309.


LaTeX Font Warning: Command \small invalid in math mode on input line 1309.


LaTeX Font Warning: Command \small invalid in math mode on input line 1311.


LaTeX Font Warning: Command \small invalid in math mode on input line 1311.


LaTeX Font Warning: Command \small invalid in math mode on input line 1311.


LaTeX Font Warning: Command \small invalid in math mode on input line 1312.


LaTeX Font Warning: Command \small invalid in math mode on input line 1312.


LaTeX Font Warning: Command \small invalid in math mode on input line 1312.


LaTeX Font Warning: Command \small invalid in math mode on input line 1313.


LaTeX Font Warning: Command \small invalid in math mode on input line 1313.


LaTeX Font Warning: Command \small invalid in math mode on input line 1313.


LaTeX Font Warning: Command \small invalid in math mode on input line 1314.


Overfull \hbox (107.35855pt too wide) in paragraph at lines 1306--1316
 [][] 
 []


LaTeX Font Warning: Command \small invalid in math mode on input line 1365.


LaTeX Font Warning: Command \small invalid in math mode on input line 1365.


LaTeX Font Warning: Command \small invalid in math mode on input line 1365.


LaTeX Font Warning: Command \small invalid in math mode on input line 1365.


LaTeX Font Warning: Command \small invalid in math mode on input line 1365.


LaTeX Font Warning: Command \small invalid in math mode on input line 1366.


LaTeX Font Warning: Command \small invalid in math mode on input line 1366.


LaTeX Font Warning: Command \small invalid in math mode on input line 1366.


LaTeX Font Warning: Command \small invalid in math mode on input line 1366.


LaTeX Font Warning: Command \small invalid in math mode on input line 1366.


LaTeX Font Warning: Command \small invalid in math mode on input line 1368.


LaTeX Font Warning: Command \small invalid in math mode on input line 1368.


LaTeX Font Warning: Command \small invalid in math mode on input line 1368.


LaTeX Font Warning: Command \small invalid in math mode on input line 1369.


LaTeX Font Warning: Command \small invalid in math mode on input line 1369.


LaTeX Font Warning: Command \small invalid in math mode on input line 1369.


LaTeX Font Warning: Command \small invalid in math mode on input line 1370.


LaTeX Font Warning: Command \small invalid in math mode on input line 1370.


LaTeX Font Warning: Command \small invalid in math mode on input line 1370.


LaTeX Font Warning: Command \small invalid in math mode on input line 1371.


Overfull \hbox (97.91412pt too wide) in paragraph at lines 1363--1373
 [][] 
 []

[18] [19]

LaTeX Font Warning: Command \small invalid in math mode on input line 1497.


LaTeX Font Warning: Command \small invalid in math mode on input line 1497.


LaTeX Font Warning: Command \small invalid in math mode on input line 1497.


LaTeX Font Warning: Command \small invalid in math mode on input line 1497.


LaTeX Font Warning: Command \small invalid in math mode on input line 1497.


LaTeX Font Warning: Command \small invalid in math mode on input line 1498.


LaTeX Font Warning: Command \small invalid in math mode on input line 1498.


LaTeX Font Warning: Command \small invalid in math mode on input line 1498.


LaTeX Font Warning: Command \small invalid in math mode on input line 1498.


LaTeX Font Warning: Command \small invalid in math mode on input line 1499.


LaTeX Font Warning: Command \small invalid in math mode on input line 1499.


LaTeX Font Warning: Command \small invalid in math mode on input line 1499.


LaTeX Font Warning: Command \small invalid in math mode on input line 1500.


LaTeX Font Warning: Command \small invalid in math mode on input line 1500.


LaTeX Font Warning: Command \small invalid in math mode on input line 1500.


LaTeX Font Warning: Command \small invalid in math mode on input line 1500.


LaTeX Font Warning: Command \small invalid in math mode on input line 1501.


LaTeX Font Warning: Command \small invalid in math mode on input line 1501.


LaTeX Font Warning: Command \small invalid in math mode on input line 1502.


LaTeX Font Warning: Command \small invalid in math mode on input line 1502.


LaTeX Font Warning: Command \small invalid in math mode on input line 1502.


LaTeX Font Warning: Command \small invalid in math mode on input line 1503.


LaTeX Font Warning: Command \small invalid in math mode on input line 1503.


LaTeX Font Warning: Command \small invalid in math mode on input line 1503.


LaTeX Font Warning: Command \small invalid in math mode on input line 1503.


LaTeX Font Warning: Command \small invalid in math mode on input line 1504.


LaTeX Font Warning: Command \small invalid in math mode on input line 1504.


Overfull \hbox (13.61763pt too wide) in paragraph at lines 1495--1506
 [][] 
 []

[20]
Overfull \hbox (4.10155pt too wide) detected at line 1648
 $\OML/cmm/m/it/10 f\OT1/cmr/m/n/10 (\OML/cmm/m/it/10 z\OT1/cmr/m/n/10 ) = []$ 
 
 []

[21] [22] [23] [24]
<C:/Users/Vlad1234/AppData/Local/Temp/graphics/ExpDist1__3.png, id=101, 812.033
75pt x 587.19376pt>
File: C:/Users/Vlad1234/AppData/Local/Temp/graphics/ExpDist1__3.png Graphic fil
e (type png)

<use C:/Users/Vlad1234/AppData/Local/Temp/graphics/ExpDist1__3.png>
Overfull \hbox (48.93634pt too wide) in paragraph at lines 1913--1915
 [][] 
 []

[25] [26 <c:/Users/Vlad1234/AppData/Local/Temp/graphics/ExpDist1__3.png>]

LaTeX Font Warning: Command \small invalid in math mode on input line 1958.


LaTeX Font Warning: Command \small invalid in math mode on input line 1958.


LaTeX Font Warning: Command \small invalid in math mode on input line 1958.


LaTeX Font Warning: Command \small invalid in math mode on input line 1958.


LaTeX Font Warning: Command \small invalid in math mode on input line 1959.


LaTeX Font Warning: Command \small invalid in math mode on input line 1959.


LaTeX Font Warning: Command \small invalid in math mode on input line 1959.


LaTeX Font Warning: Command \small invalid in math mode on input line 1959.


LaTeX Font Warning: Command \small invalid in math mode on input line 1959.


LaTeX Font Warning: Command \small invalid in math mode on input line 1961.


LaTeX Font Warning: Command \small invalid in math mode on input line 1961.


LaTeX Font Warning: Command \small invalid in math mode on input line 1961.


LaTeX Font Warning: Command \small invalid in math mode on input line 1962.


LaTeX Font Warning: Command \small invalid in math mode on input line 1962.


LaTeX Font Warning: Command \small invalid in math mode on input line 1962.


LaTeX Font Warning: Command \small invalid in math mode on input line 1962.


LaTeX Font Warning: Command \small invalid in math mode on input line 1963.


LaTeX Font Warning: Command \small invalid in math mode on input line 1963.


LaTeX Font Warning: Command \small invalid in math mode on input line 1964.


LaTeX Font Warning: Command \small invalid in math mode on input line 1964.


LaTeX Font Warning: Command \small invalid in math mode on input line 1964.


LaTeX Font Warning: Command \small invalid in math mode on input line 1965.


LaTeX Font Warning: Command \small invalid in math mode on input line 1965.


LaTeX Font Warning: Command \small invalid in math mode on input line 1965.


LaTeX Font Warning: Command \small invalid in math mode on input line 1966.


LaTeX Font Warning: Command \small invalid in math mode on input line 1966.


LaTeX Font Warning: Command \small invalid in math mode on input line 1966.


LaTeX Font Warning: Command \small invalid in math mode on input line 1966.


Overfull \hbox (86.66055pt too wide) in paragraph at lines 1956--1969
 [][] 
 []


<C:/Users/Vlad1234/AppData/Local/Temp/graphics/GammaN__4.png, id=109, 812.03375
pt x 587.19376pt>
File: C:/Users/Vlad1234/AppData/Local/Temp/graphics/GammaN__4.png Graphic file 
(type png)

<use C:/Users/Vlad1234/AppData/Local/Temp/graphics/GammaN__4.png>
Overfull \hbox (48.93634pt too wide) in paragraph at lines 2005--2007
 [][] 
 []

[27 <c:/Users/Vlad1234/AppData/Local/Temp/graphics/GammaN__4.png>]
Overfull \hbox (15.84949pt too wide) detected at line 2064
  $[] \OMS/cmsy/m/n/10 ^^@ \OT1/cmr/m/n/10 1 = \OMS/cmsy/m/n/10 ^^@\OML/cmm/m/i
t/10 :\OT1/cmr/m/n/10 1627\OML/cmm/m/it/10 ; [] \OMS/cmsy/m/n/10 ^^@ \OT1/cmr/m
/n/10 1 = \OMS/cmsy/m/n/10 ^^@\OT1/cmr/m/n/10 1\OML/cmm/m/it/10 :\OT1/cmr/m/n/1
0 634 \OMS/cmsy/m/n/10 ^^B \OT1/cmr/m/n/10 10[]\OML/cmm/m/it/10 ; [] \OMS/cmsy/
m/n/10 ^^@ \OT1/cmr/m/n/10 1 = 1\OML/cmm/m/it/10 :\OT1/cmr/m/n/10 202 \OMS/cmsy
/m/n/10 ^^B \OT1/cmr/m/n/10 10[]$ 
 []


Overfull \hbox (52.37708pt too wide) detected at line 2096
 $\OML/cmm/m/it/10 f\OT1/cmr/m/n/10 (\OML/cmm/m/it/10 z\OT1/cmr/m/n/10 ) = []$ 
 
 []

[28] [29]
Overfull \hbox (6.11215pt too wide) detected at line 2175
  $\OML/cmm/m/it/10 f\OT1/cmr/m/n/10 (\OML/cmm/m/it/10 z\OT1/cmr/m/n/10 ) = [][
] \OML/cmm/m/it/10 z[] [][] \OT1/cmr/m/n/10 ^^@ [] ^^@ [][] \OML/cmm/m/it/10 ; 
^^N \OT1/cmr/m/n/10 = [] + []\OML/cmm/m/it/10 ; \OT1/cmr/m/n/10 0 \OML/cmm/m/it
/10 < ^^W; \OT1/cmr/m/n/10 0 \OML/cmm/m/it/10 < !:$ 
 []

[30]

LaTeX Font Warning: Command \small invalid in math mode on input line 2257.


LaTeX Font Warning: Command \small invalid in math mode on input line 2257.


LaTeX Font Warning: Command \small invalid in math mode on input line 2257.


LaTeX Font Warning: Command \small invalid in math mode on input line 2257.


LaTeX Font Warning: Command \small invalid in math mode on input line 2257.


LaTeX Font Warning: Command \small invalid in math mode on input line 2258.


LaTeX Font Warning: Command \small invalid in math mode on input line 2258.


LaTeX Font Warning: Command \small invalid in math mode on input line 2258.


LaTeX Font Warning: Command \small invalid in math mode on input line 2258.


LaTeX Font Warning: Command \small invalid in math mode on input line 2258.


LaTeX Font Warning: Command \small invalid in math mode on input line 2260.


LaTeX Font Warning: Command \small invalid in math mode on input line 2260.


LaTeX Font Warning: Command \small invalid in math mode on input line 2260.


LaTeX Font Warning: Command \small invalid in math mode on input line 2260.


LaTeX Font Warning: Command \small invalid in math mode on input line 2261.


LaTeX Font Warning: Command \small invalid in math mode on input line 2261.


LaTeX Font Warning: Command \small invalid in math mode on input line 2261.


LaTeX Font Warning: Command \small invalid in math mode on input line 2261.


LaTeX Font Warning: Command \small invalid in math mode on input line 2262.


LaTeX Font Warning: Command \small invalid in math mode on input line 2262.


Overfull \hbox (28.46951pt too wide) in paragraph at lines 2255--2264
 [][] 
 []


<C:/Users/Vlad1234/AppData/Local/Temp/graphics/Ratio2_k_1__5.png, id=124, 310.4
7572pt x 28.45276pt>
File: C:/Users/Vlad1234/AppData/Local/Temp/graphics/Ratio2_k_1__5.png Graphic f
ile (type png)

<use C:/Users/Vlad1234/AppData/Local/Temp/graphics/Ratio2_k_1__5.png>
<C:/Users/Vlad1234/AppData/Local/Temp/graphics/Ratio2_k_2__6.png, id=125, 310.4
7572pt x 28.45276pt>
File: C:/Users/Vlad1234/AppData/Local/Temp/graphics/Ratio2_k_2__6.png Graphic f
ile (type png)

<use C:/Users/Vlad1234/AppData/Local/Temp/graphics/Ratio2_k_2__6.png>
<C:/Users/Vlad1234/AppData/Local/Temp/graphics/Ratio2_k_3__7.png, id=126, 310.4
7572pt x 28.45276pt>
File: C:/Users/Vlad1234/AppData/Local/Temp/graphics/Ratio2_k_3__7.png Graphic f
ile (type png)

<use C:/Users/Vlad1234/AppData/Local/Temp/graphics/Ratio2_k_3__7.png>
<C:/Users/Vlad1234/AppData/Local/Temp/graphics/AT1__8.png, id=127, 812.03375pt 
x 587.19376pt>
File: C:/Users/Vlad1234/AppData/Local/Temp/graphics/AT1__8.png Graphic file (ty
pe png)
 <use C:/Users/Vlad1234/AppData/Local/Temp/graphics/AT1__8.png>
Overfull \hbox (58.2524pt too wide) in paragraph at lines 2378--2380
 [][] 
 []

[31 <c:/Users/Vlad1234/AppData/Local/Temp/graphics/Ratio2_k_1__5.png (PNG copy)
> <c:/Users/Vlad1234/AppData/Local/Temp/graphics/Ratio2_k_2__6.png (PNG copy)> 
<c:/Users/Vlad1234/AppData/Local/Temp/graphics/Ratio2_k_3__7.png (PNG copy)>]

LaTeX Font Warning: Command \small invalid in math mode on input line 2404.


Overfull \hbox (70.61946pt too wide) in paragraph at lines 2413--2413
[] 
 []

[32 <c:/Users/Vlad1234/AppData/Local/Temp/graphics/AT1__8.png>] [33] [34]
Overfull \hbox (19.90285pt too wide) in paragraph at lines 2610--2610
[] 
 []

[35]
Underfull \hbox (badness 10000) in paragraph at lines 2647--2649

 []


LaTeX Font Warning: Command \small invalid in math mode on input line 2686.


LaTeX Font Warning: Command \small invalid in math mode on input line 2686.


LaTeX Font Warning: Command \small invalid in math mode on input line 2686.


LaTeX Font Warning: Command \small invalid in math mode on input line 2686.


LaTeX Font Warning: Command \small invalid in math mode on input line 2686.


LaTeX Font Warning: Command \small invalid in math mode on input line 2687.


LaTeX Font Warning: Command \small invalid in math mode on input line 2687.


LaTeX Font Warning: Command \small invalid in math mode on input line 2687.


LaTeX Font Warning: Command \small invalid in math mode on input line 2687.


LaTeX Font Warning: Command \small invalid in math mode on input line 2687.


LaTeX Font Warning: Command \small invalid in math mode on input line 2689.


LaTeX Font Warning: Command \small invalid in math mode on input line 2689.


LaTeX Font Warning: Command \small invalid in math mode on input line 2689.


LaTeX Font Warning: Command \small invalid in math mode on input line 2690.


LaTeX Font Warning: Command \small invalid in math mode on input line 2690.


LaTeX Font Warning: Command \small invalid in math mode on input line 2690.


LaTeX Font Warning: Command \small invalid in math mode on input line 2690.


LaTeX Font Warning: Command \small invalid in math mode on input line 2691.


LaTeX Font Warning: Command \small invalid in math mode on input line 2691.


LaTeX Font Warning: Command \small invalid in math mode on input line 2691.


LaTeX Font Warning: Command \small invalid in math mode on input line 2692.


LaTeX Font Warning: Command \small invalid in math mode on input line 2692.


LaTeX Font Warning: Command \small invalid in math mode on input line 2692.


LaTeX Font Warning: Command \small invalid in math mode on input line 2693.


LaTeX Font Warning: Command \small invalid in math mode on input line 2693.


LaTeX Font Warning: Command \small invalid in math mode on input line 2693.


LaTeX Font Warning: Command \small invalid in math mode on input line 2693.


LaTeX Font Warning: Command \small invalid in math mode on input line 2694.


LaTeX Font Warning: Command \small invalid in math mode on input line 2694.


Overfull \hbox (27.28418pt too wide) in paragraph at lines 2684--2696
 [][] 
 []


LaTeX Font Warning: Command \small invalid in math mode on input line 2719.


LaTeX Font Warning: Command \small invalid in math mode on input line 2719.


LaTeX Font Warning: Command \small invalid in math mode on input line 2719.


LaTeX Font Warning: Command \small invalid in math mode on input line 2719.


LaTeX Font Warning: Command \small invalid in math mode on input line 2719.


LaTeX Font Warning: Command \small invalid in math mode on input line 2720.


LaTeX Font Warning: Command \small invalid in math mode on input line 2720.


LaTeX Font Warning: Command \small invalid in math mode on input line 2720.


LaTeX Font Warning: Command \small invalid in math mode on input line 2720.


LaTeX Font Warning: Command \small invalid in math mode on input line 2720.


LaTeX Font Warning: Command \small invalid in math mode on input line 2722.


LaTeX Font Warning: Command \small invalid in math mode on input line 2722.


LaTeX Font Warning: Command \small invalid in math mode on input line 2722.


LaTeX Font Warning: Command \small invalid in math mode on input line 2723.


LaTeX Font Warning: Command \small invalid in math mode on input line 2723.


LaTeX Font Warning: Command \small invalid in math mode on input line 2723.


LaTeX Font Warning: Command \small invalid in math mode on input line 2723.


LaTeX Font Warning: Command \small invalid in math mode on input line 2724.


LaTeX Font Warning: Command \small invalid in math mode on input line 2724.


LaTeX Font Warning: Command \small invalid in math mode on input line 2724.


LaTeX Font Warning: Command \small invalid in math mode on input line 2725.


LaTeX Font Warning: Command \small invalid in math mode on input line 2725.


LaTeX Font Warning: Command \small invalid in math mode on input line 2725.


LaTeX Font Warning: Command \small invalid in math mode on input line 2725.


LaTeX Font Warning: Command \small invalid in math mode on input line 2726.


LaTeX Font Warning: Command \small invalid in math mode on input line 2726.


LaTeX Font Warning: Command \small invalid in math mode on input line 2726.


LaTeX Font Warning: Command \small invalid in math mode on input line 2727.


LaTeX Font Warning: Command \small invalid in math mode on input line 2727.


LaTeX Font Warning: Command \small invalid in math mode on input line 2727.


Overfull \hbox (50.06203pt too wide) in paragraph at lines 2717--2729
 [][] 
 []

[36]

LaTeX Font Warning: Command \small invalid in math mode on input line 2759.


LaTeX Font Warning: Command \small invalid in math mode on input line 2759.


LaTeX Font Warning: Command \small invalid in math mode on input line 2759.


LaTeX Font Warning: Command \small invalid in math mode on input line 2759.


LaTeX Font Warning: Command \small invalid in math mode on input line 2759.


LaTeX Font Warning: Command \small invalid in math mode on input line 2760.


LaTeX Font Warning: Command \small invalid in math mode on input line 2760.


LaTeX Font Warning: Command \small invalid in math mode on input line 2760.


LaTeX Font Warning: Command \small invalid in math mode on input line 2760.


LaTeX Font Warning: Command \small invalid in math mode on input line 2760.


LaTeX Font Warning: Command \small invalid in math mode on input line 2762.


LaTeX Font Warning: Command \small invalid in math mode on input line 2762.


LaTeX Font Warning: Command \small invalid in math mode on input line 2762.


LaTeX Font Warning: Command \small invalid in math mode on input line 2763.


LaTeX Font Warning: Command \small invalid in math mode on input line 2763.


LaTeX Font Warning: Command \small invalid in math mode on input line 2763.


LaTeX Font Warning: Command \small invalid in math mode on input line 2763.


LaTeX Font Warning: Command \small invalid in math mode on input line 2764.


LaTeX Font Warning: Command \small invalid in math mode on input line 2764.


LaTeX Font Warning: Command \small invalid in math mode on input line 2764.


Overfull \hbox (62.35486pt too wide) in paragraph at lines 2757--2766
 [][] 
 []


LaTeX Font Warning: Command \small invalid in math mode on input line 2783.


LaTeX Font Warning: Command \small invalid in math mode on input line 2783.


LaTeX Font Warning: Command \small invalid in math mode on input line 2783.


LaTeX Font Warning: Command \small invalid in math mode on input line 2783.


LaTeX Font Warning: Command \small invalid in math mode on input line 2783.


LaTeX Font Warning: Command \small invalid in math mode on input line 2784.


LaTeX Font Warning: Command \small invalid in math mode on input line 2784.


LaTeX Font Warning: Command \small invalid in math mode on input line 2784.


LaTeX Font Warning: Command \small invalid in math mode on input line 2784.


LaTeX Font Warning: Command \small invalid in math mode on input line 2784.


LaTeX Font Warning: Command \small invalid in math mode on input line 2786.


LaTeX Font Warning: Command \small invalid in math mode on input line 2786.


LaTeX Font Warning: Command \small invalid in math mode on input line 2786.


LaTeX Font Warning: Command \small invalid in math mode on input line 2787.


LaTeX Font Warning: Command \small invalid in math mode on input line 2787.


LaTeX Font Warning: Command \small invalid in math mode on input line 2787.


LaTeX Font Warning: Command \small invalid in math mode on input line 2787.


LaTeX Font Warning: Command \small invalid in math mode on input line 2788.


LaTeX Font Warning: Command \small invalid in math mode on input line 2788.


LaTeX Font Warning: Command \small invalid in math mode on input line 2788.


Overfull \hbox (61.8028pt too wide) in paragraph at lines 2781--2790
 [][] 
 []

[37]
<C:/Users/Vlad1234/AppData/Local/Temp/graphics/AT1__9.png, id=151, 812.03375pt 
x 587.19376pt>
File: C:/Users/Vlad1234/AppData/Local/Temp/graphics/AT1__9.png Graphic file (ty
pe png)
 <use C:/Users/Vlad1234/AppData/Local/Temp/graphics/AT1__9.png>
Overfull \hbox (48.93634pt too wide) in paragraph at lines 2838--2840
 [][] 
 []


<C:/Users/Vlad1234/AppData/Local/Temp/graphics/NormM1S1__10.png, id=152, 812.03
375pt x 587.19376pt>
File: C:/Users/Vlad1234/AppData/Local/Temp/graphics/NormM1S1__10.png Graphic fi
le (type png)

<use C:/Users/Vlad1234/AppData/Local/Temp/graphics/NormM1S1__10.png>
Overfull \hbox (48.93634pt too wide) in paragraph at lines 2875--2877
 [][] 
 []

[38 <c:/Users/Vlad1234/AppData/Local/Temp/graphics/AT1__9.png>]
<C:/Users/Vlad1234/AppData/Local/Temp/graphics/NormM1S01__11.png, id=157, 812.0
3375pt x 587.19376pt>
File: C:/Users/Vlad1234/AppData/Local/Temp/graphics/NormM1S01__11.png Graphic f
ile (type png)

<use C:/Users/Vlad1234/AppData/Local/Temp/graphics/NormM1S01__11.png>
Overfull \hbox (48.93634pt too wide) in paragraph at lines 2912--2914
 [][] 
 []

[39 <c:/Users/Vlad1234/AppData/Local/Temp/graphics/NormM1S1__10.png>]
<C:/Users/Vlad1234/AppData/Local/Temp/graphics/NormM-1S1__12.png, id=162, 812.0
3375pt x 587.19376pt>
File: C:/Users/Vlad1234/AppData/Local/Temp/graphics/NormM-1S1__12.png Graphic f
ile (type png)

<use C:/Users/Vlad1234/AppData/Local/Temp/graphics/NormM-1S1__12.png>
Overfull \hbox (48.93634pt too wide) in paragraph at lines 2950--2952
 [][] 
 []

[40 <c:/Users/Vlad1234/AppData/Local/Temp/graphics/NormM1S01__11.png>]
Overfull \hbox (50.54494pt too wide) in paragraph at lines 2982--2982
[] 
 []

[41 <c:/Users/Vlad1234/AppData/Local/Temp/graphics/NormM-1S1__12.png>]
Overfull \hbox (11.63422pt too wide) in paragraph at lines 3025--3025
[] 
 []


LaTeX Warning: Reference `EM0a' on page 42 undefined on input line 3036.

[42]
Overfull \hbox (88.21306pt too wide) in paragraph at lines 3108--3112
\T1/cmr/m/n/10 We  can con-sider func-tion  $\OML/cmm/m/it/10 ^^Z\OT1/cmr/m/n/1
0 (\OML/cmm/m/it/10 k\OT1/cmr/m/n/10 )$  \T1/cmr/m/n/10 on in-ter-val $[]$ with
 dis-cret points $\OT1/cmr/m/n/10 1\OML/cmm/m/it/10 ; []; []; [] ; []; []; [] ;
 []; []$ 
 []

[43] [44]
Overfull \hbox (42.997pt too wide) in paragraph at lines 3404--3404
[] 
 []

[45] [46] [47] [48] [49] [50] [51] [52] [53] [54] [55] [56] [57] [58]
Overfull \hbox (43.60562pt too wide) in paragraph at lines 4621--4621
[] 
 []

[59]
Overfull \hbox (55.72159pt too wide) in paragraph at lines 4670--4670
[] 
 []

[60]
Overfull \hbox (18.67348pt too wide) in paragraph at lines 4778--4778
[] 
 []

[61] [62] [63]
Overfull \hbox (7.08656pt too wide) detected at line 5027
 $\OML/cmm/m/it/10 f[]\OT1/cmr/m/n/10 (\OML/cmm/m/it/10 z\OT1/cmr/m/n/10 ) = []
$ 
 []

[64]

LaTeX Font Warning: Command \small invalid in math mode on input line 5096.


LaTeX Font Warning: Command \small invalid in math mode on input line 5096.


LaTeX Font Warning: Command \small invalid in math mode on input line 5096.


LaTeX Font Warning: Command \small invalid in math mode on input line 5096.


LaTeX Font Warning: Command \small invalid in math mode on input line 5096.


LaTeX Font Warning: Command \small invalid in math mode on input line 5097.


LaTeX Font Warning: Command \small invalid in math mode on input line 5097.


LaTeX Font Warning: Command \small invalid in math mode on input line 5097.


LaTeX Font Warning: Command \small invalid in math mode on input line 5097.


LaTeX Font Warning: Command \small invalid in math mode on input line 5097.


LaTeX Font Warning: Command \small invalid in math mode on input line 5099.


LaTeX Font Warning: Command \small invalid in math mode on input line 5099.


LaTeX Font Warning: Command \small invalid in math mode on input line 5099.


LaTeX Font Warning: Command \small invalid in math mode on input line 5100.


LaTeX Font Warning: Command \small invalid in math mode on input line 5100.


LaTeX Font Warning: Command \small invalid in math mode on input line 5101.


LaTeX Font Warning: Command \small invalid in math mode on input line 5101.


LaTeX Font Warning: Command \small invalid in math mode on input line 5101.


LaTeX Font Warning: Command \small invalid in math mode on input line 5101.

[65]

LaTeX Font Warning: Command \small invalid in math mode on input line 5218.


LaTeX Font Warning: Command \small invalid in math mode on input line 5218.


LaTeX Font Warning: Command \small invalid in math mode on input line 5218.


LaTeX Font Warning: Command \small invalid in math mode on input line 5218.


LaTeX Font Warning: Command \small invalid in math mode on input line 5218.


LaTeX Font Warning: Command \small invalid in math mode on input line 5219.


LaTeX Font Warning: Command \small invalid in math mode on input line 5219.


LaTeX Font Warning: Command \small invalid in math mode on input line 5219.


LaTeX Font Warning: Command \small invalid in math mode on input line 5219.


LaTeX Font Warning: Command \small invalid in math mode on input line 5219.


LaTeX Font Warning: Command \small invalid in math mode on input line 5221.


LaTeX Font Warning: Command \small invalid in math mode on input line 5221.


LaTeX Font Warning: Command \small invalid in math mode on input line 5221.


LaTeX Font Warning: Command \small invalid in math mode on input line 5221.


LaTeX Font Warning: Command \small invalid in math mode on input line 5222.


LaTeX Font Warning: Command \small invalid in math mode on input line 5222.


LaTeX Font Warning: Command \small invalid in math mode on input line 5222.


LaTeX Font Warning: Command \small invalid in math mode on input line 5222.


LaTeX Font Warning: Command \small invalid in math mode on input line 5223.


LaTeX Font Warning: Command \small invalid in math mode on input line 5223.

[66]
<C:/Users/Vlad1234/AppData/Local/Temp/graphics/Integrant10__13.png, id=252, 812
.03375pt x 587.19376pt>
File: C:/Users/Vlad1234/AppData/Local/Temp/graphics/Integrant10__13.png Graphic
 file (type png)

<use C:/Users/Vlad1234/AppData/Local/Temp/graphics/Integrant10__13.png>
Overfull \hbox (48.93634pt too wide) in paragraph at lines 5353--5355
 [][] 
 []

[67] [68 <c:/Users/Vlad1234/AppData/Local/Temp/graphics/Integrant10__13.png>]
[69] [70] [71]
LaTeX Font Info:    Try loading font information for T1+cmtt on input line 5747
.
 (c:/swp55/TCITeX/tex/latex/base/t1cmtt.fd
File: t1cmtt.fd 1999/05/25 v2.5h Standard LaTeX font definitions
) [72]
Underfull \hbox (badness 2970) in paragraph at lines 5911--5917
[]\T1/cmr/m/n/10 C.Walck, \T1/cmr/m/it/10 Hand-book on Sta-tis-ti-cal Dis-tri-b
-u-tions for ex-per-i-men-tal-ists
 []


Underfull \hbox (badness 5008) in paragraph at lines 5911--5917
\T1/cmr/m/n/10 2007. Par-ti-cle Physics Group, Fysikum Uni-ver-sity of Stock-ho
lm..
 []


Underfull \hbox (badness 1377) in paragraph at lines 5917--5921
\T1/cmr/m/it/10 Re-la-tion to Some Com-mon Dis-tri-b-u-tions".  \T1/cmr/m/n/10 
2010:PLoS ONE. 5 (5):
 []

[73] [74] (./swp0000.aux)

LaTeX Warning: There were undefined references.


LaTeX Warning: There were multiply-defined labels.

 ) 
Here is how much of TeX's memory you used:
 2197 strings out of 95101
 28347 string characters out of 1183309
 79391 words of memory out of 1500000
 5226 multiletter control sequences out of 10000+50000
 24320 words of font info for 71 fonts, out of 1200000 for 2000
 22 hyphenation exceptions out of 8191
 32i,20n,24p,280b,492s stack positions out of 5000i,500n,6000p,200000b,5000s
{c:/swp55/TCITeX/fonts/type1/dcti10.enc}<c:/swp55/TCITeX/fonts/truetype/dcti1
0.ttf>{c:/swp55/TCITeX/fonts/type1/dctt10.enc}<c:/swp55/TCITeX/fonts/truetype/d
ctt10.ttf>{c:/swp55/TCITeX/fonts/type1/cmmi12.enc}<c:/swp55/TCITeX/fonts/truety
pe/cmmi12.ttf>{c:/swp55/TCITeX/fonts/type1/cmsy5.enc}<c:/swp55/TCITeX/fonts/tru
etype/cmsy5.ttf>{c:/swp55/TCITeX/fonts/type1/cmr5.enc}<c:/swp55/TCITeX/fonts/tr
uetype/cmr5.ttf>{c:/swp55/TCITeX/fonts/type1/cmr7.enc}<c:/swp55/TCITeX/fonts/tr
uetype/cmr7.ttf>{c:/swp55/TCITeX/fonts/type1/cmex10.enc}<c:/swp55/TCITeX/fonts/
truetype/cmex10.ttf>{c:/swp55/TCITeX/fonts/type1/cmsy7.enc}<c:/swp55/TCITeX/fon
ts/truetype/cmsy7.ttf>{c:/swp55/TCITeX/fonts/type1/msbm10.enc}<c:/swp55/TCITeX/
fonts/truetype/msbm10.ttf>{c:/swp55/TCITeX/fonts/type1/cmmi5.enc}<c:/swp55/TCIT
eX/fonts/truetype/cmmi5.ttf>{c:/swp55/TCITeX/fonts/type1/cmr10.enc}<c:/swp55/TC
ITeX/fonts/truetype/cmr10.ttf>{c:/swp55/TCITeX/fonts/type1/cmmi7.enc}<c:/swp55/
TCITeX/fonts/truetype/cmmi7.ttf>{c:/swp55/TCITeX/fonts/type1/cmsy10.enc}<c:/swp
55/TCITeX/fonts/truetype/cmsy10.ttf>{c:/swp55/TCITeX/fonts/type1/cmmi10.enc}<c:
/swp55/TCITeX/fonts/truetype/cmmi10.ttf>{c:/swp55/TCITeX/fonts/type1/dcbx10.enc
}<c:/swp55/TCITeX/fonts/truetype/dcbx10.ttf>{c:/swp55/TCITeX/fonts/type1/dcr10.
enc}<c:/swp55/TCITeX/fonts/truetype/dcr10.ttf>
Output written on swp0000.pdf (76 pages, 583529 bytes).
PDF statistics:
 334 PDF objects out of 1000 (max. 8388607)
 0 named destinations out of 1000 (max. 131072)
 66 words of extra memory for PDF output out of 10000 (max. 10000000)

