This is pdfTeXk, Version 3.141592-1.40.3 (Web2C 7.5.6) (format=pdflatex 2008.8.22)  14 SEP 2017 15:37
 %&-line parsing enabled.
**C:/Users/Vladimir/AppData/Local/Temp/swp0003.tex
(c:/Users/Vladimir/AppData/Local/Temp/swp0003.tex
LaTeX2e <2003/12/01>
(c:/swp55/TCITeX/tex/latex/base/article.cls
Document Class: article 2004/02/16 v1.4f Standard LaTeX document class
(c:/swp55/TCITeX/tex/latex/base/fleqn.clo
File: fleqn.clo 1998/08/17 v1.1c Standard LaTeX option (flush left equations)
\mathindent=\dimen102
)
(c:/swp55/TCITeX/tex/latex/base/size10.clo
File: size10.clo 2004/02/16 v1.4f Standard LaTeX file (size option)
)
\c@part=\count79
\c@section=\count80
\c@subsection=\count81
\c@subsubsection=\count82
\c@paragraph=\count83
\c@subparagraph=\count84
\c@figure=\count85
\c@table=\count86
\abovecaptionskip=\skip41
\belowcaptionskip=\skip42
\bibindent=\dimen103
)
(c:/swp55/TCITeX/tex/latex/eurosym/eurosym.sty
Package: eurosym 1998/08/06 v1.1 European currency symbol ``Euro''
\@eurobox=\box26
)
(c:/swp55/TCITeX/tex/latex/amsfonts/amssymb.sty
Package: amssymb 2002/01/22 v2.2d

(c:/swp55/TCITeX/tex/latex/amsfonts/amsfonts.sty
Package: amsfonts 2001/10/25 v2.2f
\@emptytoks=\toks14
\symAMSa=\mathgroup4
\symAMSb=\mathgroup5
LaTeX Font Info:    Overwriting math alphabet `\mathfrak' in version `bold'
(Font)                  U/euf/m/n --> U/euf/b/n on input line 132.
))
(c:/swp55/TCITeX/tex/latex/amsmath/amsmath.sty
Package: amsmath 2000/07/18 v2.13 AMS math features
\@mathmargin=\skip43

For additional information on amsmath, use the `?' option.
(c:/swp55/TCITeX/tex/latex/amsmath/amstext.sty
Package: amstext 2000/06/29 v2.01

(c:/swp55/TCITeX/tex/latex/amsmath/amsgen.sty
File: amsgen.sty 1999/11/30 v2.0
\@emptytoks=\toks15
\ex@=\dimen104
))
(c:/swp55/TCITeX/tex/latex/amsmath/amsbsy.sty
Package: amsbsy 1999/11/29 v1.2d
\pmbraise@=\dimen105
)
(c:/swp55/TCITeX/tex/latex/amsmath/amsopn.sty
Package: amsopn 1999/12/14 v2.01 operator names
)
\inf@bad=\count87
LaTeX Info: Redefining \frac on input line 211.
\uproot@=\count88
\leftroot@=\count89
LaTeX Info: Redefining \overline on input line 307.
\classnum@=\count90
\DOTSCASE@=\count91
LaTeX Info: Redefining \ldots on input line 379.
LaTeX Info: Redefining \dots on input line 382.
LaTeX Info: Redefining \cdots on input line 467.
\Mathstrutbox@=\box27
\strutbox@=\box28
\big@size=\dimen106
LaTeX Font Info:    Redeclaring font encoding OML on input line 567.
LaTeX Font Info:    Redeclaring font encoding OMS on input line 568.
\macc@depth=\count92
\c@MaxMatrixCols=\count93
\dotsspace@=\muskip10
\c@parentequation=\count94
\dspbrk@lvl=\count95
\tag@help=\toks16
\row@=\count96
\column@=\count97
\maxfields@=\count98
\andhelp@=\toks17
\eqnshift@=\dimen107
\alignsep@=\dimen108
\tagshift@=\dimen109
\tagwidth@=\dimen110
\totwidth@=\dimen111
\lineht@=\dimen112
\@envbody=\toks18
\multlinegap=\skip44
\multlinetaggap=\skip45
\mathdisplay@stack=\toks19
LaTeX Info: Redefining \[ on input line 2666.
LaTeX Info: Redefining \] on input line 2667.
)
(c:/swp55/TCITeX/tex/latex/contrib/appendix/appendix.sty
Package: appendix 2002/08/06 v1.2 extra appendix facilities
\c@@pps=\count99
\c@@ppsavesec=\count100
\c@@ppsaveapp=\count101
)
(c:/swp55/TCITeX/tex/latex/contrib/rotating/rotating.sty
Package: rotating 2009/03/28 v2.16a rotated objects in LaTeX

(c:/swp55/TCITeX/tex/latex/required/graphics/graphicx.sty
Package: graphicx 1999/02/16 v1.0f Enhanced LaTeX Graphics (DPC,SPQR)

(c:/swp55/TCITeX/tex/latex/required/graphics/keyval.sty
Package: keyval 1999/03/16 v1.13 key=value parser (DPC)
\KV@toks@=\toks20
)
(c:/swp55/TCITeX/tex/latex/required/graphics/graphics.sty
Package: graphics 2001/07/07 v1.0n Standard LaTeX Graphics (DPC,SPQR)

(c:/swp55/TCITeX/tex/latex/required/graphics/trig.sty
Package: trig 1999/03/16 v1.09 sin cos tan (DPC)
)
(c:/swp55/TCITeX/tex/latex/required/graphics/graphics.cfg
File: graphics.cfg 
)
Package graphics Info: Driver file: pdftex.def on input line 80.

(c:/swp55/TCITeX/tex/latex/required/graphics/pdftex.def
File: pdftex.def 2007/01/08 v0.04d Graphics/color for pdfTeX
\Gread@gobject=\count102
))
\Gin@req@height=\dimen113
\Gin@req@width=\dimen114
)
(c:/swp55/TCITeX/tex/latex/base/ifthen.sty
Package: ifthen 2001/05/26 v1.1c Standard LaTeX ifthen package (DPC)
)
\c@r@tfl@t=\count103
\rotFPtop=\skip46
\rotFPbot=\skip47
\rot@float@box=\box29
\rot@mess@toks=\toks21
)
(c:/swp55/TCITeX/tex/latex/required/tools/enumerate.sty
Package: enumerate 1999/03/05 v3.00 enumerate extensions (DPC)
\@enLab=\toks22
)
(c:/swp55/TCITeX/tex/latex/contrib/float/float.sty
Package: float 2001/11/08 v1.3d Float enhancements (AL)
\c@float@type=\count104
\float@exts=\toks23
\float@box=\box30
\@float@everytoks=\toks24
\@floatcapt=\box31
)
\c@theorem=\count105
\msipdfoutput=\count106
 (./swp0003.aux

LaTeX Warning: Label `EulerMaclaurin' multiply defined.

)
\openout1 = `swp0003.aux'.

LaTeX Font Info:    Checking defaults for OML/cmm/m/it on input line 59.
LaTeX Font Info:    ... okay on input line 59.
LaTeX Font Info:    Checking defaults for T1/cmr/m/n on input line 59.
LaTeX Font Info:    ... okay on input line 59.
LaTeX Font Info:    Checking defaults for OT1/cmr/m/n on input line 59.
LaTeX Font Info:    ... okay on input line 59.
LaTeX Font Info:    Checking defaults for OMS/cmsy/m/n on input line 59.
LaTeX Font Info:    ... okay on input line 59.
LaTeX Font Info:    Checking defaults for OMX/cmex/m/n on input line 59.
LaTeX Font Info:    ... okay on input line 59.
LaTeX Font Info:    Checking defaults for U/cmr/m/n on input line 59.
LaTeX Font Info:    ... okay on input line 59.
LaTeX Font Info:    Try loading font information for U+msa on input line 63.
 (c:/swp55/TCITeX/tex/latex/amsfonts/umsa.fd
File: umsa.fd 2002/01/19 v2.2g AMS font definitions
)
LaTeX Font Info:    Try loading font information for U+msb on input line 63.

(c:/swp55/TCITeX/tex/latex/amsfonts/umsb.fd
File: umsb.fd 2002/01/19 v2.2g AMS font definitions
) [1

{c:/swp55/TCITeX/fonts/map/pdftex/pdftex.map}] [1] (./swp0003.toc [1])
\tf@toc=\write3
\openout3 = `swp0003.toc'.

 (./swp0003.lof)
\tf@lof=\write4
\openout4 = `swp0003.lof'.

 (./swp0003.lot)
\tf@lot=\write5
\openout5 = `swp0003.lot'.

 [2]

LaTeX Font Warning: Command \small invalid in math mode on input line 170.


LaTeX Font Warning: Command \small invalid in math mode on input line 170.


LaTeX Font Warning: Command \small invalid in math mode on input line 170.


LaTeX Font Warning: Command \small invalid in math mode on input line 171.


LaTeX Font Warning: Command \small invalid in math mode on input line 171.


LaTeX Font Warning: Command \small invalid in math mode on input line 171.


LaTeX Font Warning: Command \small invalid in math mode on input line 171.


LaTeX Font Warning: Command \small invalid in math mode on input line 172.


LaTeX Font Warning: Command \small invalid in math mode on input line 172.


Overfull \hbox (28.46883pt too wide) in paragraph at lines 167--174
 [][] 
 []

[3] [4]
Overfull \hbox (36.15994pt too wide) in paragraph at lines 350--355
\T1/cmr/m/n/10 am-ple, con-sider the set of two num-bers $\OT1/cmr/m/n/10 [0\OM
L/cmm/m/it/10 :\OT1/cmr/m/n/10 1\OML/cmm/m/it/10 ; ^^Y\OT1/cmr/m/n/10 ]$\T1/cmr
/m/n/10 , which is equiv-a-lent to $\OT1/cmr/m/n/10 [1000 [] \OML/cmm/m/it/10 ;
 \OT1/cmr/m/n/10 31415 []]$\T1/cmr/m/n/10 .
 []

[5]
LaTeX Font Info:    Try loading font information for OMS+cmr on input line 439.

 (c:/swp55/TCITeX/tex/latex/base/omscmr.fd
File: omscmr.fd 1999/05/25 v2.5h Standard LaTeX font definitions
)
LaTeX Font Info:    Font shape `OMS/cmr/m/n' in size <10> not available
(Font)              Font shape `OMS/cmsy/m/n' tried instead on input line 439.
 [6] [7] [8] [9]
Overfull \hbox (59.81207pt too wide) in paragraph at lines 831--831
[] 
 []

[10]
Overfull \hbox (0.92993pt too wide) detected at line 845
 $\OML/cmm/m/it/10 V\OT1/cmr/m/n/10 (\OML/cmm/m/it/10 k; n; N\OT1/cmr/m/n/10 ) 
 = [] \OML/cmm/m/it/10 ; \U/msb/m/n/10 z \OT1/cmr/m/n/10 = 1\OML/cmm/m/it/10 :$
  
 []

[11]
<C:/Users/Vladimir/AppData/Local/Temp/graphics/Discj_2__1.pdf, id=56, 389.77621
pt x 281.85298pt>
File: C:/Users/Vladimir/AppData/Local/Temp/graphics/Discj_2__1.pdf Graphic file
 (type pdf)

<use C:/Users/Vladimir/AppData/Local/Temp/graphics/Discj_2__1.pdf>
Overfull \hbox (48.93634pt too wide) in paragraph at lines 960--962
 [][] 
 []

[12]
<C:/Users/Vladimir/AppData/Local/Temp/graphics/DiscJ-2N__2.pdf, id=60, 389.7762
1pt x 281.85298pt>
File: C:/Users/Vladimir/AppData/Local/Temp/graphics/DiscJ-2N__2.pdf Graphic fil
e (type pdf)

<use C:/Users/Vladimir/AppData/Local/Temp/graphics/DiscJ-2N__2.pdf>
Overfull \hbox (48.93634pt too wide) in paragraph at lines 998--1000
 [][] 
 []

[13 <c:/Users/Vladimir/AppData/Local/Temp/graphics/Discj_2__1.pdf>] [14 <c:/Use
rs/Vladimir/AppData/Local/Temp/graphics/DiscJ-2N__2.pdf>] [15]

LaTeX Font Warning: Command \small invalid in math mode on input line 1187.


LaTeX Font Warning: Command \small invalid in math mode on input line 1187.


LaTeX Font Warning: Command \small invalid in math mode on input line 1187.


LaTeX Font Warning: Command \small invalid in math mode on input line 1187.


LaTeX Font Warning: Command \small invalid in math mode on input line 1187.


LaTeX Font Warning: Command \small invalid in math mode on input line 1188.


LaTeX Font Warning: Command \small invalid in math mode on input line 1188.


LaTeX Font Warning: Command \small invalid in math mode on input line 1188.


LaTeX Font Warning: Command \small invalid in math mode on input line 1188.


LaTeX Font Warning: Command \small invalid in math mode on input line 1188.


LaTeX Font Warning: Command \small invalid in math mode on input line 1190.


LaTeX Font Warning: Command \small invalid in math mode on input line 1190.


LaTeX Font Warning: Command \small invalid in math mode on input line 1190.


LaTeX Font Warning: Command \small invalid in math mode on input line 1191.


LaTeX Font Warning: Command \small invalid in math mode on input line 1191.


LaTeX Font Warning: Command \small invalid in math mode on input line 1191.


LaTeX Font Warning: Command \small invalid in math mode on input line 1192.


LaTeX Font Warning: Command \small invalid in math mode on input line 1192.


LaTeX Font Warning: Command \small invalid in math mode on input line 1192.


LaTeX Font Warning: Command \small invalid in math mode on input line 1193.


Overfull \hbox (87.9141pt too wide) in paragraph at lines 1185--1195
 [][] 
 []

[16] [17]

LaTeX Font Warning: Command \small invalid in math mode on input line 1307.


LaTeX Font Warning: Command \small invalid in math mode on input line 1307.


LaTeX Font Warning: Command \small invalid in math mode on input line 1307.


LaTeX Font Warning: Command \small invalid in math mode on input line 1307.


LaTeX Font Warning: Command \small invalid in math mode on input line 1307.


LaTeX Font Warning: Command \small invalid in math mode on input line 1308.


LaTeX Font Warning: Command \small invalid in math mode on input line 1308.


LaTeX Font Warning: Command \small invalid in math mode on input line 1308.


LaTeX Font Warning: Command \small invalid in math mode on input line 1308.


LaTeX Font Warning: Command \small invalid in math mode on input line 1308.


LaTeX Font Warning: Command \small invalid in math mode on input line 1310.


LaTeX Font Warning: Command \small invalid in math mode on input line 1310.


LaTeX Font Warning: Command \small invalid in math mode on input line 1310.


LaTeX Font Warning: Command \small invalid in math mode on input line 1311.


LaTeX Font Warning: Command \small invalid in math mode on input line 1311.


LaTeX Font Warning: Command \small invalid in math mode on input line 1311.


LaTeX Font Warning: Command \small invalid in math mode on input line 1312.


LaTeX Font Warning: Command \small invalid in math mode on input line 1312.


LaTeX Font Warning: Command \small invalid in math mode on input line 1312.


LaTeX Font Warning: Command \small invalid in math mode on input line 1313.


Overfull \hbox (107.35855pt too wide) in paragraph at lines 1305--1315
 [][] 
 []


LaTeX Font Warning: Command \small invalid in math mode on input line 1364.


LaTeX Font Warning: Command \small invalid in math mode on input line 1364.


LaTeX Font Warning: Command \small invalid in math mode on input line 1364.


LaTeX Font Warning: Command \small invalid in math mode on input line 1364.


LaTeX Font Warning: Command \small invalid in math mode on input line 1364.


LaTeX Font Warning: Command \small invalid in math mode on input line 1365.


LaTeX Font Warning: Command \small invalid in math mode on input line 1365.


LaTeX Font Warning: Command \small invalid in math mode on input line 1365.


LaTeX Font Warning: Command \small invalid in math mode on input line 1365.


LaTeX Font Warning: Command \small invalid in math mode on input line 1365.


LaTeX Font Warning: Command \small invalid in math mode on input line 1367.


LaTeX Font Warning: Command \small invalid in math mode on input line 1367.


LaTeX Font Warning: Command \small invalid in math mode on input line 1367.


LaTeX Font Warning: Command \small invalid in math mode on input line 1368.


LaTeX Font Warning: Command \small invalid in math mode on input line 1368.


LaTeX Font Warning: Command \small invalid in math mode on input line 1368.


LaTeX Font Warning: Command \small invalid in math mode on input line 1369.


LaTeX Font Warning: Command \small invalid in math mode on input line 1369.


LaTeX Font Warning: Command \small invalid in math mode on input line 1369.


LaTeX Font Warning: Command \small invalid in math mode on input line 1370.


Overfull \hbox (97.91412pt too wide) in paragraph at lines 1362--1372
 [][] 
 []

[18] [19]

LaTeX Font Warning: Command \small invalid in math mode on input line 1496.


LaTeX Font Warning: Command \small invalid in math mode on input line 1496.


LaTeX Font Warning: Command \small invalid in math mode on input line 1496.


LaTeX Font Warning: Command \small invalid in math mode on input line 1496.


LaTeX Font Warning: Command \small invalid in math mode on input line 1496.


LaTeX Font Warning: Command \small invalid in math mode on input line 1497.


LaTeX Font Warning: Command \small invalid in math mode on input line 1497.


LaTeX Font Warning: Command \small invalid in math mode on input line 1497.


LaTeX Font Warning: Command \small invalid in math mode on input line 1497.


LaTeX Font Warning: Command \small invalid in math mode on input line 1498.


LaTeX Font Warning: Command \small invalid in math mode on input line 1498.


LaTeX Font Warning: Command \small invalid in math mode on input line 1498.


LaTeX Font Warning: Command \small invalid in math mode on input line 1499.


LaTeX Font Warning: Command \small invalid in math mode on input line 1499.


LaTeX Font Warning: Command \small invalid in math mode on input line 1499.


LaTeX Font Warning: Command \small invalid in math mode on input line 1499.


LaTeX Font Warning: Command \small invalid in math mode on input line 1500.


LaTeX Font Warning: Command \small invalid in math mode on input line 1500.


LaTeX Font Warning: Command \small invalid in math mode on input line 1501.


LaTeX Font Warning: Command \small invalid in math mode on input line 1501.


LaTeX Font Warning: Command \small invalid in math mode on input line 1501.


LaTeX Font Warning: Command \small invalid in math mode on input line 1502.


LaTeX Font Warning: Command \small invalid in math mode on input line 1502.


LaTeX Font Warning: Command \small invalid in math mode on input line 1502.


LaTeX Font Warning: Command \small invalid in math mode on input line 1502.


LaTeX Font Warning: Command \small invalid in math mode on input line 1503.


LaTeX Font Warning: Command \small invalid in math mode on input line 1503.


Overfull \hbox (13.61763pt too wide) in paragraph at lines 1494--1505
 [][] 
 []

[20]
Overfull \hbox (4.10155pt too wide) detected at line 1647
 $\OML/cmm/m/it/10 f\OT1/cmr/m/n/10 (\OML/cmm/m/it/10 z\OT1/cmr/m/n/10 ) = []$ 
 
 []

[21] [22] [23] [24]
<C:/Users/Vladimir/AppData/Local/Temp/graphics/ExpDist1__3.pdf, id=105, 389.776
21pt x 281.85298pt>
File: C:/Users/Vladimir/AppData/Local/Temp/graphics/ExpDist1__3.pdf Graphic fil
e (type pdf)

<use C:/Users/Vladimir/AppData/Local/Temp/graphics/ExpDist1__3.pdf>
Overfull \hbox (48.93634pt too wide) in paragraph at lines 1912--1914
 [][] 
 []

[25] [26 <c:/Users/Vladimir/AppData/Local/Temp/graphics/ExpDist1__3.pdf>]

LaTeX Font Warning: Command \small invalid in math mode on input line 1957.


LaTeX Font Warning: Command \small invalid in math mode on input line 1957.


LaTeX Font Warning: Command \small invalid in math mode on input line 1957.


LaTeX Font Warning: Command \small invalid in math mode on input line 1957.


LaTeX Font Warning: Command \small invalid in math mode on input line 1958.


LaTeX Font Warning: Command \small invalid in math mode on input line 1958.


LaTeX Font Warning: Command \small invalid in math mode on input line 1958.


LaTeX Font Warning: Command \small invalid in math mode on input line 1958.


LaTeX Font Warning: Command \small invalid in math mode on input line 1958.


LaTeX Font Warning: Command \small invalid in math mode on input line 1960.


LaTeX Font Warning: Command \small invalid in math mode on input line 1960.


LaTeX Font Warning: Command \small invalid in math mode on input line 1960.


LaTeX Font Warning: Command \small invalid in math mode on input line 1961.


LaTeX Font Warning: Command \small invalid in math mode on input line 1961.


LaTeX Font Warning: Command \small invalid in math mode on input line 1961.


LaTeX Font Warning: Command \small invalid in math mode on input line 1961.


LaTeX Font Warning: Command \small invalid in math mode on input line 1962.


LaTeX Font Warning: Command \small invalid in math mode on input line 1962.


LaTeX Font Warning: Command \small invalid in math mode on input line 1963.


LaTeX Font Warning: Command \small invalid in math mode on input line 1963.


LaTeX Font Warning: Command \small invalid in math mode on input line 1963.


LaTeX Font Warning: Command \small invalid in math mode on input line 1964.


LaTeX Font Warning: Command \small invalid in math mode on input line 1964.


LaTeX Font Warning: Command \small invalid in math mode on input line 1964.


LaTeX Font Warning: Command \small invalid in math mode on input line 1965.


LaTeX Font Warning: Command \small invalid in math mode on input line 1965.


LaTeX Font Warning: Command \small invalid in math mode on input line 1965.


LaTeX Font Warning: Command \small invalid in math mode on input line 1965.


Overfull \hbox (86.66055pt too wide) in paragraph at lines 1955--1968
 [][] 
 []


<C:/Users/Vladimir/AppData/Local/Temp/graphics/GammaN__4.pdf, id=115, 389.77621
pt x 281.85298pt>
File: C:/Users/Vladimir/AppData/Local/Temp/graphics/GammaN__4.pdf Graphic file 
(type pdf)

<use C:/Users/Vladimir/AppData/Local/Temp/graphics/GammaN__4.pdf>
Overfull \hbox (48.93634pt too wide) in paragraph at lines 2004--2006
 [][] 
 []

[27 <c:/Users/Vladimir/AppData/Local/Temp/graphics/GammaN__4.pdf>]
Overfull \hbox (15.84949pt too wide) detected at line 2063
  $[] \OMS/cmsy/m/n/10 ^^@ \OT1/cmr/m/n/10 1 = \OMS/cmsy/m/n/10 ^^@\OML/cmm/m/i
t/10 :\OT1/cmr/m/n/10 1627\OML/cmm/m/it/10 ; [] \OMS/cmsy/m/n/10 ^^@ \OT1/cmr/m
/n/10 1 = \OMS/cmsy/m/n/10 ^^@\OT1/cmr/m/n/10 1\OML/cmm/m/it/10 :\OT1/cmr/m/n/1
0 634 \OMS/cmsy/m/n/10 ^^B \OT1/cmr/m/n/10 10[]\OML/cmm/m/it/10 ; [] \OMS/cmsy/
m/n/10 ^^@ \OT1/cmr/m/n/10 1 = 1\OML/cmm/m/it/10 :\OT1/cmr/m/n/10 202 \OMS/cmsy
/m/n/10 ^^B \OT1/cmr/m/n/10 10[]$ 
 []


Overfull \hbox (52.37708pt too wide) detected at line 2095
 $\OML/cmm/m/it/10 f\OT1/cmr/m/n/10 (\OML/cmm/m/it/10 z\OT1/cmr/m/n/10 ) = []$ 
 
 []

[28] [29]
Overfull \hbox (6.11215pt too wide) detected at line 2174
  $\OML/cmm/m/it/10 f\OT1/cmr/m/n/10 (\OML/cmm/m/it/10 z\OT1/cmr/m/n/10 ) = [][
] \OML/cmm/m/it/10 z[] [][] \OT1/cmr/m/n/10 ^^@ [] ^^@ [][] \OML/cmm/m/it/10 ; 
^^N \OT1/cmr/m/n/10 = [] + []\OML/cmm/m/it/10 ; \OT1/cmr/m/n/10 0 \OML/cmm/m/it
/10 < ^^W; \OT1/cmr/m/n/10 0 \OML/cmm/m/it/10 < !:$ 
 []

[30]

LaTeX Font Warning: Command \small invalid in math mode on input line 2256.


LaTeX Font Warning: Command \small invalid in math mode on input line 2256.


LaTeX Font Warning: Command \small invalid in math mode on input line 2256.


LaTeX Font Warning: Command \small invalid in math mode on input line 2256.


LaTeX Font Warning: Command \small invalid in math mode on input line 2256.


LaTeX Font Warning: Command \small invalid in math mode on input line 2257.


LaTeX Font Warning: Command \small invalid in math mode on input line 2257.


LaTeX Font Warning: Command \small invalid in math mode on input line 2257.


LaTeX Font Warning: Command \small invalid in math mode on input line 2257.


LaTeX Font Warning: Command \small invalid in math mode on input line 2257.


LaTeX Font Warning: Command \small invalid in math mode on input line 2259.


LaTeX Font Warning: Command \small invalid in math mode on input line 2259.


LaTeX Font Warning: Command \small invalid in math mode on input line 2259.


LaTeX Font Warning: Command \small invalid in math mode on input line 2259.


LaTeX Font Warning: Command \small invalid in math mode on input line 2260.


LaTeX Font Warning: Command \small invalid in math mode on input line 2260.


LaTeX Font Warning: Command \small invalid in math mode on input line 2260.


LaTeX Font Warning: Command \small invalid in math mode on input line 2260.


LaTeX Font Warning: Command \small invalid in math mode on input line 2261.


LaTeX Font Warning: Command \small invalid in math mode on input line 2261.


Overfull \hbox (28.46951pt too wide) in paragraph at lines 2254--2263
 [][] 
 []


<C:/Users/Vladimir/AppData/Local/Temp/graphics/Ratio2_k_1__5.pdf, id=132, 310.4
7595pt x 28.4523pt>
File: C:/Users/Vladimir/AppData/Local/Temp/graphics/Ratio2_k_1__5.pdf Graphic f
ile (type pdf)

<use C:/Users/Vladimir/AppData/Local/Temp/graphics/Ratio2_k_1__5.pdf>
<C:/Users/Vladimir/AppData/Local/Temp/graphics/Ratio2_k_2__6.pdf, id=133, 310.4
7595pt x 28.4523pt>
File: C:/Users/Vladimir/AppData/Local/Temp/graphics/Ratio2_k_2__6.pdf Graphic f
ile (type pdf)

<use C:/Users/Vladimir/AppData/Local/Temp/graphics/Ratio2_k_2__6.pdf>
<C:/Users/Vladimir/AppData/Local/Temp/graphics/Ratio2_k_3__7.pdf, id=134, 310.4
7595pt x 28.4523pt>
File: C:/Users/Vladimir/AppData/Local/Temp/graphics/Ratio2_k_3__7.pdf Graphic f
ile (type pdf)

<use C:/Users/Vladimir/AppData/Local/Temp/graphics/Ratio2_k_3__7.pdf>
<C:/Users/Vladimir/AppData/Local/Temp/graphics/AT1__8.pdf, id=135, 389.77621pt 
x 281.85298pt>
File: C:/Users/Vladimir/AppData/Local/Temp/graphics/AT1__8.pdf Graphic file (ty
pe pdf)
 <use C:/Users/Vladimir/AppData/Local/Temp/graphics/AT1__8.pdf>
Overfull \hbox (58.2524pt too wide) in paragraph at lines 2379--2381
 [][] 
 []

[31 <c:/Users/Vladimir/AppData/Local/Temp/graphics/Ratio2_k_1__5.pdf> <c:/Users
/Vladimir/AppData/Local/Temp/graphics/Ratio2_k_2__6.pdf> <c:/Users/Vladimir/App
Data/Local/Temp/graphics/Ratio2_k_3__7.pdf>]

LaTeX Font Warning: Command \small invalid in math mode on input line 2405.


Overfull \hbox (70.61946pt too wide) in paragraph at lines 2414--2414
[] 
 []

[32 <c:/Users/Vladimir/AppData/Local/Temp/graphics/AT1__8.pdf>] [33] [34]
Overfull \hbox (19.90285pt too wide) in paragraph at lines 2611--2611
[] 
 []

[35]
Underfull \hbox (badness 10000) in paragraph at lines 2648--2650

 []


LaTeX Font Warning: Command \small invalid in math mode on input line 2687.


LaTeX Font Warning: Command \small invalid in math mode on input line 2687.


LaTeX Font Warning: Command \small invalid in math mode on input line 2687.


LaTeX Font Warning: Command \small invalid in math mode on input line 2687.


LaTeX Font Warning: Command \small invalid in math mode on input line 2687.


LaTeX Font Warning: Command \small invalid in math mode on input line 2688.


LaTeX Font Warning: Command \small invalid in math mode on input line 2688.


LaTeX Font Warning: Command \small invalid in math mode on input line 2688.


LaTeX Font Warning: Command \small invalid in math mode on input line 2688.


LaTeX Font Warning: Command \small invalid in math mode on input line 2688.


LaTeX Font Warning: Command \small invalid in math mode on input line 2690.


LaTeX Font Warning: Command \small invalid in math mode on input line 2690.


LaTeX Font Warning: Command \small invalid in math mode on input line 2690.


LaTeX Font Warning: Command \small invalid in math mode on input line 2691.


LaTeX Font Warning: Command \small invalid in math mode on input line 2691.


LaTeX Font Warning: Command \small invalid in math mode on input line 2691.


LaTeX Font Warning: Command \small invalid in math mode on input line 2691.


LaTeX Font Warning: Command \small invalid in math mode on input line 2692.


LaTeX Font Warning: Command \small invalid in math mode on input line 2692.


LaTeX Font Warning: Command \small invalid in math mode on input line 2692.


LaTeX Font Warning: Command \small invalid in math mode on input line 2693.


LaTeX Font Warning: Command \small invalid in math mode on input line 2693.


LaTeX Font Warning: Command \small invalid in math mode on input line 2693.


LaTeX Font Warning: Command \small invalid in math mode on input line 2694.


LaTeX Font Warning: Command \small invalid in math mode on input line 2694.


LaTeX Font Warning: Command \small invalid in math mode on input line 2694.


LaTeX Font Warning: Command \small invalid in math mode on input line 2694.


LaTeX Font Warning: Command \small invalid in math mode on input line 2695.


LaTeX Font Warning: Command \small invalid in math mode on input line 2695.


Overfull \hbox (27.28418pt too wide) in paragraph at lines 2685--2697
 [][] 
 []


LaTeX Font Warning: Command \small invalid in math mode on input line 2720.


LaTeX Font Warning: Command \small invalid in math mode on input line 2720.


LaTeX Font Warning: Command \small invalid in math mode on input line 2720.


LaTeX Font Warning: Command \small invalid in math mode on input line 2720.


LaTeX Font Warning: Command \small invalid in math mode on input line 2720.


LaTeX Font Warning: Command \small invalid in math mode on input line 2721.


LaTeX Font Warning: Command \small invalid in math mode on input line 2721.


LaTeX Font Warning: Command \small invalid in math mode on input line 2721.


LaTeX Font Warning: Command \small invalid in math mode on input line 2721.


LaTeX Font Warning: Command \small invalid in math mode on input line 2721.


LaTeX Font Warning: Command \small invalid in math mode on input line 2723.


LaTeX Font Warning: Command \small invalid in math mode on input line 2723.


LaTeX Font Warning: Command \small invalid in math mode on input line 2723.


LaTeX Font Warning: Command \small invalid in math mode on input line 2724.


LaTeX Font Warning: Command \small invalid in math mode on input line 2724.


LaTeX Font Warning: Command \small invalid in math mode on input line 2724.


LaTeX Font Warning: Command \small invalid in math mode on input line 2724.


LaTeX Font Warning: Command \small invalid in math mode on input line 2725.


LaTeX Font Warning: Command \small invalid in math mode on input line 2725.


LaTeX Font Warning: Command \small invalid in math mode on input line 2725.


LaTeX Font Warning: Command \small invalid in math mode on input line 2726.


LaTeX Font Warning: Command \small invalid in math mode on input line 2726.


LaTeX Font Warning: Command \small invalid in math mode on input line 2726.


LaTeX Font Warning: Command \small invalid in math mode on input line 2726.


LaTeX Font Warning: Command \small invalid in math mode on input line 2727.


LaTeX Font Warning: Command \small invalid in math mode on input line 2727.


LaTeX Font Warning: Command \small invalid in math mode on input line 2727.


LaTeX Font Warning: Command \small invalid in math mode on input line 2728.


LaTeX Font Warning: Command \small invalid in math mode on input line 2728.


LaTeX Font Warning: Command \small invalid in math mode on input line 2728.


Overfull \hbox (50.06203pt too wide) in paragraph at lines 2718--2730
 [][] 
 []

[36]

LaTeX Font Warning: Command \small invalid in math mode on input line 2760.


LaTeX Font Warning: Command \small invalid in math mode on input line 2760.


LaTeX Font Warning: Command \small invalid in math mode on input line 2760.


LaTeX Font Warning: Command \small invalid in math mode on input line 2760.


LaTeX Font Warning: Command \small invalid in math mode on input line 2760.


LaTeX Font Warning: Command \small invalid in math mode on input line 2761.


LaTeX Font Warning: Command \small invalid in math mode on input line 2761.


LaTeX Font Warning: Command \small invalid in math mode on input line 2761.


LaTeX Font Warning: Command \small invalid in math mode on input line 2761.


LaTeX Font Warning: Command \small invalid in math mode on input line 2761.


LaTeX Font Warning: Command \small invalid in math mode on input line 2763.


LaTeX Font Warning: Command \small invalid in math mode on input line 2763.


LaTeX Font Warning: Command \small invalid in math mode on input line 2763.


LaTeX Font Warning: Command \small invalid in math mode on input line 2764.


LaTeX Font Warning: Command \small invalid in math mode on input line 2764.


LaTeX Font Warning: Command \small invalid in math mode on input line 2764.


LaTeX Font Warning: Command \small invalid in math mode on input line 2764.


LaTeX Font Warning: Command \small invalid in math mode on input line 2765.


LaTeX Font Warning: Command \small invalid in math mode on input line 2765.


LaTeX Font Warning: Command \small invalid in math mode on input line 2765.


Overfull \hbox (62.35486pt too wide) in paragraph at lines 2758--2767
 [][] 
 []


LaTeX Font Warning: Command \small invalid in math mode on input line 2784.


LaTeX Font Warning: Command \small invalid in math mode on input line 2784.


LaTeX Font Warning: Command \small invalid in math mode on input line 2784.


LaTeX Font Warning: Command \small invalid in math mode on input line 2784.


LaTeX Font Warning: Command \small invalid in math mode on input line 2784.


LaTeX Font Warning: Command \small invalid in math mode on input line 2785.


LaTeX Font Warning: Command \small invalid in math mode on input line 2785.


LaTeX Font Warning: Command \small invalid in math mode on input line 2785.


LaTeX Font Warning: Command \small invalid in math mode on input line 2785.


LaTeX Font Warning: Command \small invalid in math mode on input line 2785.


LaTeX Font Warning: Command \small invalid in math mode on input line 2787.


LaTeX Font Warning: Command \small invalid in math mode on input line 2787.


LaTeX Font Warning: Command \small invalid in math mode on input line 2787.


LaTeX Font Warning: Command \small invalid in math mode on input line 2788.


LaTeX Font Warning: Command \small invalid in math mode on input line 2788.


LaTeX Font Warning: Command \small invalid in math mode on input line 2788.


LaTeX Font Warning: Command \small invalid in math mode on input line 2788.


LaTeX Font Warning: Command \small invalid in math mode on input line 2789.


LaTeX Font Warning: Command \small invalid in math mode on input line 2789.


LaTeX Font Warning: Command \small invalid in math mode on input line 2789.


Overfull \hbox (61.8028pt too wide) in paragraph at lines 2782--2791
 [][] 
 []

[37]
<C:/Users/Vladimir/AppData/Local/Temp/graphics/AT1__9.pdf, id=170, 389.77621pt 
x 281.85298pt>
File: C:/Users/Vladimir/AppData/Local/Temp/graphics/AT1__9.pdf Graphic file (ty
pe pdf)
 <use C:/Users/Vladimir/AppData/Local/Temp/graphics/AT1__9.pdf>
Overfull \hbox (48.93634pt too wide) in paragraph at lines 2839--2841
 [][] 
 []


<C:/Users/Vladimir/AppData/Local/Temp/graphics/NormM1S1__10.pdf, id=171, 389.77
621pt x 281.85298pt>
File: C:/Users/Vladimir/AppData/Local/Temp/graphics/NormM1S1__10.pdf Graphic fi
le (type pdf)

<use C:/Users/Vladimir/AppData/Local/Temp/graphics/NormM1S1__10.pdf>
Overfull \hbox (48.93634pt too wide) in paragraph at lines 2876--2878
 [][] 
 []

[38 <c:/Users/Vladimir/AppData/Local/Temp/graphics/AT1__9.pdf>]
<C:/Users/Vladimir/AppData/Local/Temp/graphics/NormM1S01__11.pdf, id=178, 389.7
7621pt x 281.85298pt>
File: C:/Users/Vladimir/AppData/Local/Temp/graphics/NormM1S01__11.pdf Graphic f
ile (type pdf)

<use C:/Users/Vladimir/AppData/Local/Temp/graphics/NormM1S01__11.pdf>
Overfull \hbox (48.93634pt too wide) in paragraph at lines 2913--2915
 [][] 
 []

[39 <c:/Users/Vladimir/AppData/Local/Temp/graphics/NormM1S1__10.pdf>]
<C:/Users/Vladimir/AppData/Local/Temp/graphics/NormM-1S1__12.pdf, id=185, 389.7
7621pt x 281.85298pt>
File: C:/Users/Vladimir/AppData/Local/Temp/graphics/NormM-1S1__12.pdf Graphic f
ile (type pdf)

<use C:/Users/Vladimir/AppData/Local/Temp/graphics/NormM-1S1__12.pdf>
Overfull \hbox (48.93634pt too wide) in paragraph at lines 2951--2953
 [][] 
 []

[40 <c:/Users/Vladimir/AppData/Local/Temp/graphics/NormM1S01__11.pdf>]
Overfull \hbox (50.54494pt too wide) in paragraph at lines 2983--2983
[] 
 []

[41 <c:/Users/Vladimir/AppData/Local/Temp/graphics/NormM-1S1__12.pdf>]
Overfull \hbox (11.63422pt too wide) in paragraph at lines 3026--3026
[] 
 []


LaTeX Warning: Reference `EM0a' on page 42 undefined on input line 3037.

[42] [43] [44]
Overfull \hbox (42.997pt too wide) in paragraph at lines 3317--3317
[] 
 []

[45] [46] [47] [48] [49] [50] [51] [52] [53] [54] [55]
Overfull \hbox (43.60562pt too wide) in paragraph at lines 4342--4342
[] 
 []

[56]
Overfull \hbox (55.72159pt too wide) in paragraph at lines 4391--4391
[] 
 []

[57]
Overfull \hbox (18.67348pt too wide) in paragraph at lines 4499--4499
[] 
 []

[58] [59]
Overfull \hbox (7.08656pt too wide) detected at line 4748
 $\OML/cmm/m/it/10 f[]\OT1/cmr/m/n/10 (\OML/cmm/m/it/10 z\OT1/cmr/m/n/10 ) = []
$ 
 []

[60]

LaTeX Font Warning: Command \small invalid in math mode on input line 4817.


LaTeX Font Warning: Command \small invalid in math mode on input line 4817.


LaTeX Font Warning: Command \small invalid in math mode on input line 4817.


LaTeX Font Warning: Command \small invalid in math mode on input line 4817.


LaTeX Font Warning: Command \small invalid in math mode on input line 4817.


LaTeX Font Warning: Command \small invalid in math mode on input line 4818.


LaTeX Font Warning: Command \small invalid in math mode on input line 4818.


LaTeX Font Warning: Command \small invalid in math mode on input line 4818.


LaTeX Font Warning: Command \small invalid in math mode on input line 4818.


LaTeX Font Warning: Command \small invalid in math mode on input line 4818.


LaTeX Font Warning: Command \small invalid in math mode on input line 4820.


LaTeX Font Warning: Command \small invalid in math mode on input line 4820.


LaTeX Font Warning: Command \small invalid in math mode on input line 4820.


LaTeX Font Warning: Command \small invalid in math mode on input line 4821.


LaTeX Font Warning: Command \small invalid in math mode on input line 4821.


LaTeX Font Warning: Command \small invalid in math mode on input line 4822.


LaTeX Font Warning: Command \small invalid in math mode on input line 4822.


LaTeX Font Warning: Command \small invalid in math mode on input line 4822.


LaTeX Font Warning: Command \small invalid in math mode on input line 4822.

[61] [62]

LaTeX Font Warning: Command \small invalid in math mode on input line 4939.


LaTeX Font Warning: Command \small invalid in math mode on input line 4939.


LaTeX Font Warning: Command \small invalid in math mode on input line 4939.


LaTeX Font Warning: Command \small invalid in math mode on input line 4939.


LaTeX Font Warning: Command \small invalid in math mode on input line 4939.


LaTeX Font Warning: Command \small invalid in math mode on input line 4940.


LaTeX Font Warning: Command \small invalid in math mode on input line 4940.


LaTeX Font Warning: Command \small invalid in math mode on input line 4940.


LaTeX Font Warning: Command \small invalid in math mode on input line 4940.


LaTeX Font Warning: Command \small invalid in math mode on input line 4940.


LaTeX Font Warning: Command \small invalid in math mode on input line 4942.


LaTeX Font Warning: Command \small invalid in math mode on input line 4942.


LaTeX Font Warning: Command \small invalid in math mode on input line 4942.


LaTeX Font Warning: Command \small invalid in math mode on input line 4942.


LaTeX Font Warning: Command \small invalid in math mode on input line 4943.


LaTeX Font Warning: Command \small invalid in math mode on input line 4943.


LaTeX Font Warning: Command \small invalid in math mode on input line 4943.


LaTeX Font Warning: Command \small invalid in math mode on input line 4943.


LaTeX Font Warning: Command \small invalid in math mode on input line 4944.


LaTeX Font Warning: Command \small invalid in math mode on input line 4944.

[63]
<C:/Users/Vladimir/AppData/Local/Temp/graphics/Integrant10__13.pdf, id=269, 389
.77621pt x 281.85298pt>
File: C:/Users/Vladimir/AppData/Local/Temp/graphics/Integrant10__13.pdf Graphic
 file (type pdf)

<use C:/Users/Vladimir/AppData/Local/Temp/graphics/Integrant10__13.pdf>
Overfull \hbox (48.93634pt too wide) in paragraph at lines 5074--5076
 [][] 
 []

[64] [65 <c:/Users/Vladimir/AppData/Local/Temp/graphics/Integrant10__13.pdf>]
[66] [67] [68]
LaTeX Font Info:    Try loading font information for T1+cmtt on input line 5468
.
 (c:/swp55/TCITeX/tex/latex/base/t1cmtt.fd
File: t1cmtt.fd 1999/05/25 v2.5h Standard LaTeX font definitions
) [69]
Underfull \hbox (badness 2970) in paragraph at lines 5632--5638
[]\T1/cmr/m/n/10 C.Walck, \T1/cmr/m/it/10 Hand-book on Sta-tis-ti-cal Dis-tri-b
u-tions for ex-per-i-men-tal-ists
 []


Underfull \hbox (badness 5008) in paragraph at lines 5632--5638
\T1/cmr/m/n/10 2007. Par-ti-cle Physics Group, Fysikum Uni-ver-sity of Stock-ho
lm..
 []


Underfull \hbox (badness 1377) in paragraph at lines 5638--5642
\T1/cmr/m/it/10 Re-la-tion to Some Com-mon Dis-tri-bu-tions".  \T1/cmr/m/n/10 2
010:PLoS ONE. 5 (5):
 []

[70] [71] (./swp0003.aux)

LaTeX Warning: There were undefined references.


LaTeX Warning: There were multiply-defined labels.

 ) 
Here is how much of TeX's memory you used:
 2195 strings out of 95189
 28339 string characters out of 1184929
 78281 words of memory out of 1500000
 5161 multiletter control sequences out of 10000+50000
 24320 words of font info for 71 fonts, out of 1200000 for 2000
 14 hyphenation exceptions out of 8191
 32i,20n,24p,267b,489s stack positions out of 5000i,500n,6000p,200000b,5000s
{c:/swp55/TCITeX/fonts/type1/dcti10.enc}<c:/swp55/TCITeX/fonts/truetype/dcti1
0.ttf>{c:/swp55/TCITeX/fonts/type1/dctt10.enc}<c:/swp55/TCITeX/fonts/truetype/d
ctt10.ttf>{c:/swp55/TCITeX/fonts/type1/cmmi12.enc}<c:/swp55/TCITeX/fonts/truety
pe/cmmi12.ttf>{c:/swp55/TCITeX/fonts/type1/cmsy5.enc}<c:/swp55/TCITeX/fonts/tru
etype/cmsy5.ttf>{c:/swp55/TCITeX/fonts/type1/cmr5.enc}<c:/swp55/TCITeX/fonts/tr
uetype/cmr5.ttf>{c:/swp55/TCITeX/fonts/type1/cmr7.enc}<c:/swp55/TCITeX/fonts/tr
uetype/cmr7.ttf>{c:/swp55/TCITeX/fonts/type1/cmex10.enc}<c:/swp55/TCITeX/fonts/
truetype/cmex10.ttf>{c:/swp55/TCITeX/fonts/type1/cmsy7.enc}<c:/swp55/TCITeX/fon
ts/truetype/cmsy7.ttf>{c:/swp55/TCITeX/fonts/type1/msbm10.enc}<c:/swp55/TCITeX/
fonts/truetype/msbm10.ttf>{c:/swp55/TCITeX/fonts/type1/cmmi5.enc}<c:/swp55/TCIT
eX/fonts/truetype/cmmi5.ttf>{c:/swp55/TCITeX/fonts/type1/cmsy10.enc}<c:/swp55/T
CITeX/fonts/truetype/cmsy10.ttf>{c:/swp55/TCITeX/fonts/type1/cmr10.enc}<c:/swp5
5/TCITeX/fonts/truetype/cmr10.ttf>{c:/swp55/TCITeX/fonts/type1/cmmi7.enc}<c:/sw
p55/TCITeX/fonts/truetype/cmmi7.ttf>{c:/swp55/TCITeX/fonts/type1/cmmi10.enc}<c:
/swp55/TCITeX/fonts/truetype/cmmi10.ttf>{c:/swp55/TCITeX/fonts/type1/dcbx10.enc
}<c:/swp55/TCITeX/fonts/truetype/dcbx10.ttf>{c:/swp55/TCITeX/fonts/type1/dcr10.
enc}<c:/swp55/TCITeX/fonts/truetype/dcr10.ttf>
Output written on swp0003.pdf (73 pages, 449653 bytes).
PDF statistics:
 354 PDF objects out of 1000 (max. 8388607)
 0 named destinations out of 1000 (max. 131072)
 66 words of extra memory for PDF output out of 10000 (max. 10000000)

